2024-09-06 22:22:25.035 [info] [main] Log level: Info
2024-09-06 22:22:25.035 [info] [main] Validating found git in: "git"
2024-09-06 22:22:25.035 [info] [main] Using git "2.46.0" from "git"
2024-09-06 22:22:25.035 [info] [Model][doInitialScan] Initial repository scan started
2024-09-06 22:22:25.035 [info] > git rev-parse --show-toplevel [2ms]
2024-09-06 22:22:25.035 [info] > git rev-parse --git-dir --git-common-dir [1ms]
2024-09-06 22:22:25.035 [info] [Model][openRepository] Opened repository: /home/offlinebot/.config/ags
2024-09-06 22:22:25.152 [info] > git rev-parse --show-toplevel [110ms]
2024-09-06 22:22:25.153 [info] > git config --get commit.template [114ms]
2024-09-06 22:22:25.203 [info] > git rev-parse --show-toplevel [16ms]
2024-09-06 22:22:25.213 [info] > git for-each-ref --format=%(refname)%00%(upstream:short)%00%(objectname)%00%(upstream:track)%00%(upstream:remotename)%00%(upstream:remoteref) refs/heads/main refs/remotes/main [12ms]
2024-09-06 22:22:25.215 [info] > git rev-parse --show-toplevel [2ms]
2024-09-06 22:22:25.230 [info] > git rev-parse --show-toplevel [6ms]
2024-09-06 22:22:25.231 [info] [Model][doInitialScan] Initial repository scan completed - repositories (1), closed repositories (0), parent repositories (0), unsafe repositories (0)
2024-09-06 22:22:25.231 [info] > git status -z -uall [2ms]
2024-09-06 22:22:25.244 [info] > git for-each-ref --format=%(refname)%00%(upstream:short)%00%(objectname)%00%(upstream:track)%00%(upstream:remotename)%00%(upstream:remoteref) refs/heads/main refs/remotes/main [8ms]
2024-09-06 22:22:25.249 [info] > git config --get commit.template [5ms]
2024-09-06 22:22:25.250 [info] > git config --local branch.main.vscode-merge-base [1ms]
2024-09-06 22:22:25.250 [warning] [Git][config] git config failed: Failed to execute git
2024-09-06 22:22:25.282 [info] > git reflog main --grep-reflog=branch: Created from *. [29ms]
2024-09-06 22:22:25.299 [info] > git symbolic-ref --short refs/remotes/origin/HEAD [14ms]
2024-09-06 22:22:25.299 [info] fatal: ref refs/remotes/origin/HEAD is not a symbolic ref
2024-09-06 22:22:25.303 [info] > git for-each-ref --format=%(refname)%00%(upstream:short)%00%(objectname)%00%(upstream:track)%00%(upstream:remotename)%00%(upstream:remoteref) refs/heads/main refs/remotes/main [21ms]
2024-09-06 22:22:25.304 [info] > git merge-base refs/heads/main refs/remotes/origin/main [1ms]
2024-09-06 22:22:25.312 [info] > git rev-list --count --left-right refs/heads/main...refs/remotes/origin/main [4ms]
2024-09-06 22:22:25.316 [info] > git status -z -uall [5ms]
2024-09-06 22:22:25.322 [info] > git for-each-ref --format=%(refname)%00%(upstream:short)%00%(objectname)%00%(upstream:track)%00%(upstream:remotename)%00%(upstream:remoteref) refs/heads/main refs/remotes/main [3ms]
2024-09-06 22:22:25.324 [info] > git diff --name-status -z --diff-filter=ADMR c0be83562939de0e4dd7f18bcee3e73a33d78866...refs/remotes/origin/main [8ms]
2024-09-06 22:22:25.325 [info] > git config --local branch.main.vscode-merge-base [1ms]
2024-09-06 22:22:25.325 [warning] [Git][config] git config failed: Failed to execute git
2024-09-06 22:22:25.329 [info] > git reflog main --grep-reflog=branch: Created from *. [1ms]
2024-09-06 22:22:25.332 [info] > git symbolic-ref --short refs/remotes/origin/HEAD [1ms]
2024-09-06 22:22:25.332 [info] fatal: ref refs/remotes/origin/HEAD is not a symbolic ref
2024-09-06 22:22:25.658 [info] > git check-ignore -v -z --stdin [1ms]
2024-09-06 22:23:11.793 [info] > git show --textconv :config.js [5ms]
2024-09-06 22:23:11.794 [info] > git ls-files --stage -- /home/offlinebot/.config/ags/config.js [2ms]
2024-09-06 22:23:11.800 [info] > git cat-file -s 5ea3444e076c1852af3de82601796779d6990033 [2ms]
2024-09-06 22:23:21.304 [info] > git check-ignore -v -z --stdin [1ms]
2024-09-06 22:23:22.904 [info] > git check-ignore -v -z --stdin [1ms]
2024-09-06 22:23:24.935 [info] > git show --textconv :windows/menu/modules/pc_info.js [6ms]
2024-09-06 22:23:24.936 [info] > git ls-files --stage -- /home/offlinebot/.config/ags/windows/menu/modules/pc_info.js [2ms]
2024-09-06 22:23:24.942 [info] > git cat-file -s 57564e1e0fa000a257c4bdf8927abadc97f9b65b [1ms]
2024-09-06 22:24:58.047 [info] > git config --get commit.template [5ms]
2024-09-06 22:24:58.048 [info] > git for-each-ref --format=%(refname)%00%(upstream:short)%00%(objectname)%00%(upstream:track)%00%(upstream:remotename)%00%(upstream:remoteref) refs/heads/main refs/remotes/main [1ms]
2024-09-06 22:24:58.055 [info] > git status -z -uall [1ms]
2024-09-06 22:24:58.063 [info] > git for-each-ref --format=%(refname)%00%(upstream:short)%00%(objectname)%00%(upstream:track)%00%(upstream:remotename)%00%(upstream:remoteref) refs/heads/main refs/remotes/main [3ms]
2024-09-06 22:24:58.068 [info] > git config --local branch.main.vscode-merge-base [1ms]
2024-09-06 22:24:58.068 [warning] [Git][config] git config failed: Failed to execute git
2024-09-06 22:24:58.072 [info] > git reflog main --grep-reflog=branch: Created from *. [2ms]
2024-09-06 22:24:58.075 [info] > git symbolic-ref --short refs/remotes/origin/HEAD [1ms]
2024-09-06 22:24:58.075 [info] fatal: ref refs/remotes/origin/HEAD is not a symbolic ref
2024-09-06 22:25:17.135 [info] > git config --get commit.template [4ms]
2024-09-06 22:25:17.136 [info] > git for-each-ref --format=%(refname)%00%(upstream:short)%00%(objectname)%00%(upstream:track)%00%(upstream:remotename)%00%(upstream:remoteref) refs/heads/main refs/remotes/main [1ms]
2024-09-06 22:25:17.141 [info] > git status -z -uall [2ms]
2024-09-06 22:25:17.147 [info] > git for-each-ref --format=%(refname)%00%(upstream:short)%00%(objectname)%00%(upstream:track)%00%(upstream:remotename)%00%(upstream:remoteref) refs/heads/main refs/remotes/main [2ms]
2024-09-06 22:25:17.153 [info] > git config --local branch.main.vscode-merge-base [2ms]
2024-09-06 22:25:17.153 [warning] [Git][config] git config failed: Failed to execute git
2024-09-06 22:25:17.158 [info] > git reflog main --grep-reflog=branch: Created from *. [1ms]
2024-09-06 22:25:17.163 [info] > git symbolic-ref --short refs/remotes/origin/HEAD [1ms]
2024-09-06 22:25:17.163 [info] fatal: ref refs/remotes/origin/HEAD is not a symbolic ref
2024-09-06 22:25:22.158 [info] > git config --get commit.template [5ms]
2024-09-06 22:25:22.159 [info] > git for-each-ref --format=%(refname)%00%(upstream:short)%00%(objectname)%00%(upstream:track)%00%(upstream:remotename)%00%(upstream:remoteref) refs/heads/main refs/remotes/main [1ms]
2024-09-06 22:25:22.166 [info] > git status -z -uall [2ms]
2024-09-06 22:25:22.176 [info] > git for-each-ref --format=%(refname)%00%(upstream:short)%00%(objectname)%00%(upstream:track)%00%(upstream:remotename)%00%(upstream:remoteref) refs/heads/main refs/remotes/main [2ms]
2024-09-06 22:25:22.184 [info] > git config --local branch.main.vscode-merge-base [1ms]
2024-09-06 22:25:22.184 [warning] [Git][config] git config failed: Failed to execute git
2024-09-06 22:25:22.191 [info] > git reflog main --grep-reflog=branch: Created from *. [1ms]
2024-09-06 22:25:22.197 [info] > git symbolic-ref --short refs/remotes/origin/HEAD [1ms]
2024-09-06 22:25:22.197 [info] fatal: ref refs/remotes/origin/HEAD is not a symbolic ref
2024-09-06 22:26:31.350 [info] > git config --get commit.template [6ms]
2024-09-06 22:26:31.350 [info] > git for-each-ref --format=%(refname)%00%(upstream:short)%00%(objectname)%00%(upstream:track)%00%(upstream:remotename)%00%(upstream:remoteref) refs/heads/main refs/remotes/main [1ms]
2024-09-06 22:26:31.358 [info] > git status -z -uall [1ms]
2024-09-06 22:26:31.364 [info] > git for-each-ref --format=%(refname)%00%(upstream:short)%00%(objectname)%00%(upstream:track)%00%(upstream:remotename)%00%(upstream:remoteref) refs/heads/main refs/remotes/main [1ms]
2024-09-06 22:26:31.372 [info] > git config --local branch.main.vscode-merge-base [3ms]
2024-09-06 22:26:31.372 [warning] [Git][config] git config failed: Failed to execute git
2024-09-06 22:26:31.377 [info] > git reflog main --grep-reflog=branch: Created from *. [1ms]
2024-09-06 22:26:31.383 [info] > git symbolic-ref --short refs/remotes/origin/HEAD [1ms]
2024-09-06 22:26:31.383 [info] fatal: ref refs/remotes/origin/HEAD is not a symbolic ref
2024-09-06 22:26:44.101 [info] > git config --get commit.template [4ms]
2024-09-06 22:26:44.102 [info] > git for-each-ref --format=%(refname)%00%(upstream:short)%00%(objectname)%00%(upstream:track)%00%(upstream:remotename)%00%(upstream:remoteref) refs/heads/main refs/remotes/main [1ms]
2024-09-06 22:26:44.106 [info] > git status -z -uall [1ms]
2024-09-06 22:26:44.111 [info] > git for-each-ref --format=%(refname)%00%(upstream:short)%00%(objectname)%00%(upstream:track)%00%(upstream:remotename)%00%(upstream:remoteref) refs/heads/main refs/remotes/main [1ms]
2024-09-06 22:26:44.115 [info] > git config --local branch.main.vscode-merge-base [0ms]
2024-09-06 22:26:44.116 [warning] [Git][config] git config failed: Failed to execute git
2024-09-06 22:26:44.121 [info] > git reflog main --grep-reflog=branch: Created from *. [1ms]
2024-09-06 22:26:44.126 [info] > git symbolic-ref --short refs/remotes/origin/HEAD [1ms]
2024-09-06 22:26:44.126 [info] fatal: ref refs/remotes/origin/HEAD is not a symbolic ref
2024-09-06 22:26:55.696 [info] > git config --get commit.template [5ms]
2024-09-06 22:26:55.697 [info] > git for-each-ref --format=%(refname)%00%(upstream:short)%00%(objectname)%00%(upstream:track)%00%(upstream:remotename)%00%(upstream:remoteref) refs/heads/main refs/remotes/main [1ms]
2024-09-06 22:26:55.703 [info] > git status -z -uall [2ms]
2024-09-06 22:26:55.710 [info] > git for-each-ref --format=%(refname)%00%(upstream:short)%00%(objectname)%00%(upstream:track)%00%(upstream:remotename)%00%(upstream:remoteref) refs/heads/main refs/remotes/main [2ms]
2024-09-06 22:26:55.716 [info] > git config --local branch.main.vscode-merge-base [1ms]
2024-09-06 22:26:55.716 [warning] [Git][config] git config failed: Failed to execute git
2024-09-06 22:26:55.721 [info] > git reflog main --grep-reflog=branch: Created from *. [1ms]
2024-09-06 22:26:55.726 [info] > git symbolic-ref --short refs/remotes/origin/HEAD [1ms]
2024-09-06 22:26:55.726 [info] fatal: ref refs/remotes/origin/HEAD is not a symbolic ref
2024-09-06 22:28:20.406 [info] > git check-ignore -v -z --stdin [1ms]
2024-09-06 22:28:23.413 [info] > git show --textconv :scripts/ram.sh [4ms]
2024-09-06 22:28:23.414 [info] > git ls-files --stage -- /home/offlinebot/.config/ags/scripts/ram.sh [1ms]
2024-09-06 22:28:23.419 [info] > git cat-file -s 8b63dc00ada34cb6f8b60b6d16fe99e87c4980a7 [1ms]
2024-09-06 22:30:30.852 [info] > git show --textconv :scripts/ram_perc.sh [5ms]
2024-09-06 22:30:30.853 [info] > git ls-files --stage -- /home/offlinebot/.config/ags/scripts/ram_perc.sh [1ms]
2024-09-06 22:30:31.121 [info] > git check-ignore -v -z --stdin [1ms]
2024-09-06 22:30:31.677 [info] > git config --get commit.template [5ms]
2024-09-06 22:30:31.678 [info] > git for-each-ref --format=%(refname)%00%(upstream:short)%00%(objectname)%00%(upstream:track)%00%(upstream:remotename)%00%(upstream:remoteref) refs/heads/main refs/remotes/main [1ms]
2024-09-06 22:30:31.684 [info] > git status -z -uall [1ms]
2024-09-06 22:30:31.691 [info] > git for-each-ref --format=%(refname)%00%(upstream:short)%00%(objectname)%00%(upstream:track)%00%(upstream:remotename)%00%(upstream:remoteref) refs/heads/main refs/remotes/main [2ms]
2024-09-06 22:30:31.695 [info] > git config --local branch.main.vscode-merge-base [1ms]
2024-09-06 22:30:31.695 [warning] [Git][config] git config failed: Failed to execute git
2024-09-06 22:30:31.699 [info] > git reflog main --grep-reflog=branch: Created from *. [2ms]
2024-09-06 22:30:31.702 [info] > git symbolic-ref --short refs/remotes/origin/HEAD [1ms]
2024-09-06 22:30:31.702 [info] fatal: ref refs/remotes/origin/HEAD is not a symbolic ref
2024-09-06 22:30:36.700 [info] > git config --get commit.template [5ms]
2024-09-06 22:30:36.700 [info] > git for-each-ref --format=%(refname)%00%(upstream:short)%00%(objectname)%00%(upstream:track)%00%(upstream:remotename)%00%(upstream:remoteref) refs/heads/main refs/remotes/main [1ms]
2024-09-06 22:30:36.705 [info] > git status -z -uall [1ms]
2024-09-06 22:30:36.710 [info] > git for-each-ref --format=%(refname)%00%(upstream:short)%00%(objectname)%00%(upstream:track)%00%(upstream:remotename)%00%(upstream:remoteref) refs/heads/main refs/remotes/main [1ms]
2024-09-06 22:30:36.716 [info] > git config --local branch.main.vscode-merge-base [0ms]
2024-09-06 22:30:36.716 [warning] [Git][config] git config failed: Failed to execute git
2024-09-06 22:30:36.720 [info] > git reflog main --grep-reflog=branch: Created from *. [1ms]
2024-09-06 22:30:36.724 [info] > git symbolic-ref --short refs/remotes/origin/HEAD [1ms]
2024-09-06 22:30:36.724 [info] fatal: ref refs/remotes/origin/HEAD is not a symbolic ref
2024-09-06 22:48:56.902 [info] > git check-ignore -v -z --stdin [1ms]
2024-09-06 22:49:01.103 [info] > git show --textconv :windows/bar/media.js [6ms]
2024-09-06 22:49:01.104 [info] > git ls-files --stage -- /home/offlinebot/.config/ags/windows/bar/media.js [1ms]
2024-09-06 22:49:01.109 [info] > git cat-file -s 2e87cb9d4ff1c749feb6f9820a7577ac537bbbad [1ms]
2024-09-06 22:49:07.057 [info] > git config --get commit.template [4ms]
2024-09-06 22:49:07.058 [info] > git for-each-ref --format=%(refname)%00%(upstream:short)%00%(objectname)%00%(upstream:track)%00%(upstream:remotename)%00%(upstream:remoteref) refs/heads/main refs/remotes/main [1ms]
2024-09-06 22:49:07.062 [info] > git status -z -uall [1ms]
2024-09-06 22:49:07.066 [info] > git for-each-ref --format=%(refname)%00%(upstream:short)%00%(objectname)%00%(upstream:track)%00%(upstream:remotename)%00%(upstream:remoteref) refs/heads/main refs/remotes/main [1ms]
2024-09-06 22:49:07.070 [info] > git config --local branch.main.vscode-merge-base [1ms]
2024-09-06 22:49:07.070 [warning] [Git][config] git config failed: Failed to execute git
2024-09-06 22:49:07.074 [info] > git reflog main --grep-reflog=branch: Created from *. [1ms]
2024-09-06 22:49:07.079 [info] > git symbolic-ref --short refs/remotes/origin/HEAD [1ms]
2024-09-06 22:49:07.079 [info] fatal: ref refs/remotes/origin/HEAD is not a symbolic ref
