2024-09-06 22:22:24.605 [info] Extension host with pid 33426 started
2024-09-06 22:22:24.606 [info] Skipping acquiring lock for /home/offlinebot/.config/Code/User/workspaceStorage/fd214d1c3d38f928685dbdd9e19daf4f.
2024-09-06 22:22:24.834 [info] ExtensionService#_doActivateExtension vscode.git-base, startup: true, activationEvent: '*', root cause: vscode.git
2024-09-06 22:22:24.860 [info] ExtensionService#_doActivateExtension standard.vscode-standard, startup: true, activationEvent: '*'
2024-09-06 22:22:24.946 [info] ExtensionService#_doActivateExtension vscode.git, startup: true, activationEvent: '*'
2024-09-06 22:22:24.974 [info] ExtensionService#_doActivateExtension vscode.github, startup: true, activationEvent: '*'
2024-09-06 22:22:25.012 [info] Eager extensions activated
2024-09-06 22:22:25.043 [info] ExtensionService#_doActivateExtension vscode.debug-auto-launch, startup: false, activationEvent: 'onStartupFinished'
2024-09-06 22:22:25.044 [info] ExtensionService#_doActivateExtension vscode.merge-conflict, startup: false, activationEvent: 'onStartupFinished'
2024-09-06 22:22:25.052 [info] ExtensionService#_doActivateExtension Catppuccin.catppuccin-vsc, startup: false, activationEvent: 'onStartupFinished'
2024-09-06 22:22:25.056 [info] ExtensionService#_doActivateExtension equinusocio.vsc-material-theme-icons, startup: false, activationEvent: 'onStartupFinished'
2024-09-06 22:22:25.098 [info] ExtensionService#_doActivateExtension PKief.material-icon-theme, startup: false, activationEvent: 'onStartupFinished'
2024-09-06 22:22:25.106 [info] ExtensionService#_doActivateExtension usernamehw.errorlens, startup: false, activationEvent: 'onStartupFinished'
2024-09-06 22:22:25.110 [info] ExtensionService#_doActivateExtension vscodevim.vim, startup: false, activationEvent: 'onStartupFinished'
2024-09-06 22:22:25.188 [info] ExtensionService#_doActivateExtension vscode.emmet, startup: false, activationEvent: 'onLanguage'
2024-09-06 22:22:25.253 [info] ExtensionService#_doActivateExtension vscode.github-authentication, startup: false, activationEvent: 'onAuthenticationRequest:github'
2024-09-06 22:23:11.519 [info] ExtensionService#_doActivateExtension vscode.typescript-language-features, startup: false, activationEvent: 'onLanguage:javascript'
2024-09-06 22:49:55.298 [warning] TextEditor is closed/disposed
2024-09-06 22:49:55.298 [warning] TextEditor is closed/disposed
2024-09-06 22:49:55.309 [warning] ExtHostTextEditorOptions 'setCursorStyle' failed:'
2024-09-06 22:49:55.309 [warning] Illegal argument: TextEditor(vs.editor.ICodeEditor:1,$model10)
