2024-09-05 23:46:59.811 [info] Extension host with pid 142358 started
2024-09-05 23:46:59.811 [info] Skipping acquiring lock for /home/offlinebot/.config/Code/User/workspaceStorage/fd214d1c3d38f928685dbdd9e19daf4f.
2024-09-05 23:46:59.856 [info] ExtensionService#_doActivateExtension vscode.git-base, startup: true, activationEvent: '*', root cause: vscode.git
2024-09-05 23:46:59.860 [info] ExtensionService#_doActivateExtension standard.vscode-standard, startup: true, activationEvent: '*'
2024-09-05 23:46:59.932 [info] ExtensionService#_doActivateExtension vscode.git, startup: true, activationEvent: '*'
2024-09-05 23:46:59.994 [info] ExtensionService#_doActivateExtension vscode.github, startup: true, activationEvent: '*'
2024-09-05 23:47:00.084 [info] Eager extensions activated
2024-09-05 23:47:00.136 [info] ExtensionService#_doActivateExtension vscode.debug-auto-launch, startup: false, activationEvent: 'onStartupFinished'
2024-09-05 23:47:00.138 [info] ExtensionService#_doActivateExtension vscode.merge-conflict, startup: false, activationEvent: 'onStartupFinished'
2024-09-05 23:47:00.157 [info] ExtensionService#_doActivateExtension Catppuccin.catppuccin-vsc, startup: false, activationEvent: 'onStartupFinished'
2024-09-05 23:47:00.162 [info] ExtensionService#_doActivateExtension equinusocio.vsc-material-theme-icons, startup: false, activationEvent: 'onStartupFinished'
2024-09-05 23:47:00.206 [info] ExtensionService#_doActivateExtension PKief.material-icon-theme, startup: false, activationEvent: 'onStartupFinished'
2024-09-05 23:47:00.223 [info] ExtensionService#_doActivateExtension usernamehw.errorlens, startup: false, activationEvent: 'onStartupFinished'
2024-09-05 23:47:00.230 [info] ExtensionService#_doActivateExtension vscodevim.vim, startup: false, activationEvent: 'onStartupFinished'
2024-09-05 23:47:06.032 [info] ExtensionService#_doActivateExtension vscode.typescript-language-features, startup: false, activationEvent: 'onLanguage:javascript'
2024-09-05 23:47:06.073 [info] ExtensionService#_doActivateExtension vscode.emmet, startup: false, activationEvent: 'onLanguage'
2024-09-05 23:48:23.539 [warning] TextEditor is closed/disposed
2024-09-05 23:48:23.539 [warning] TextEditor is closed/disposed
2024-09-05 23:48:23.552 [warning] ExtHostTextEditorOptions 'setCursorStyle' failed:'
2024-09-05 23:48:23.552 [warning] Illegal argument: TextEditor(vs.editor.ICodeEditor:1,$model3)
2024-09-05 23:48:24.843 [info] Extension host terminating: renderer closed the MessagePort
2024-09-05 23:48:24.866 [info] Extension host with pid 142358 exiting with code 0
