2024-09-07 00:09:17.102 [info] [main] Log level: Info
2024-09-07 00:09:17.102 [info] [main] Validating found git in: "git"
2024-09-07 00:09:17.102 [info] [main] Using git "2.46.0" from "git"
2024-09-07 00:09:17.102 [info] [Model][doInitialScan] Initial repository scan started
2024-09-07 00:09:17.102 [info] > git rev-parse --show-toplevel [2ms]
2024-09-07 00:09:17.102 [info] fatal: not a git repository (or any parent up to mount point /)
Stopping at filesystem boundary (GIT_DISCOVERY_ACROSS_FILESYSTEM not set).
2024-09-07 00:09:17.109 [info] > git rev-parse --show-toplevel [1ms]
2024-09-07 00:09:17.109 [info] fatal: not a git repository (or any parent up to mount point /)
Stopping at filesystem boundary (GIT_DISCOVERY_ACROSS_FILESYSTEM not set).
2024-09-07 00:09:17.121 [info] > git rev-parse --show-toplevel [9ms]
2024-09-07 00:09:17.121 [info] fatal: not a git repository (or any parent up to mount point /)
Stopping at filesystem boundary (GIT_DISCOVERY_ACROSS_FILESYSTEM not set).
2024-09-07 00:09:17.208 [info] > git rev-parse --show-toplevel [26ms]
2024-09-07 00:09:17.208 [info] fatal: not a git repository (or any parent up to mount point /)
Stopping at filesystem boundary (GIT_DISCOVERY_ACROSS_FILESYSTEM not set).
2024-09-07 00:09:17.216 [info] > git rev-parse --show-toplevel [3ms]
2024-09-07 00:09:17.216 [info] fatal: not a git repository (or any parent up to mount point /)
Stopping at filesystem boundary (GIT_DISCOVERY_ACROSS_FILESYSTEM not set).
2024-09-07 00:09:17.225 [info] > git rev-parse --show-toplevel [3ms]
2024-09-07 00:09:17.225 [info] fatal: not a git repository (or any parent up to mount point /)
Stopping at filesystem boundary (GIT_DISCOVERY_ACROSS_FILESYSTEM not set).
2024-09-07 00:09:17.229 [info] > git rev-parse --show-toplevel [1ms]
2024-09-07 00:09:17.229 [info] fatal: not a git repository (or any parent up to mount point /)
Stopping at filesystem boundary (GIT_DISCOVERY_ACROSS_FILESYSTEM not set).
2024-09-07 00:09:17.233 [info] > git rev-parse --show-toplevel [1ms]
2024-09-07 00:09:17.233 [info] fatal: not a git repository (or any parent up to mount point /)
Stopping at filesystem boundary (GIT_DISCOVERY_ACROSS_FILESYSTEM not set).
2024-09-07 00:09:17.236 [info] > git rev-parse --show-toplevel [0ms]
2024-09-07 00:09:17.236 [info] fatal: not a git repository (or any parent up to mount point /)
Stopping at filesystem boundary (GIT_DISCOVERY_ACROSS_FILESYSTEM not set).
2024-09-07 00:09:17.240 [info] > git rev-parse --show-toplevel [1ms]
2024-09-07 00:09:17.240 [info] fatal: not a git repository (or any parent up to mount point /)
Stopping at filesystem boundary (GIT_DISCOVERY_ACROSS_FILESYSTEM not set).
2024-09-07 00:09:17.243 [info] > git rev-parse --show-toplevel [1ms]
2024-09-07 00:09:17.243 [info] fatal: not a git repository (or any parent up to mount point /)
Stopping at filesystem boundary (GIT_DISCOVERY_ACROSS_FILESYSTEM not set).
2024-09-07 00:09:17.246 [info] > git rev-parse --show-toplevel [1ms]
2024-09-07 00:09:17.246 [info] fatal: not a git repository (or any parent up to mount point /)
Stopping at filesystem boundary (GIT_DISCOVERY_ACROSS_FILESYSTEM not set).
2024-09-07 00:09:17.249 [info] > git rev-parse --show-toplevel [0ms]
2024-09-07 00:09:17.249 [info] fatal: not a git repository (or any parent up to mount point /)
Stopping at filesystem boundary (GIT_DISCOVERY_ACROSS_FILESYSTEM not set).
2024-09-07 00:09:17.253 [info] > git rev-parse --show-toplevel [1ms]
2024-09-07 00:09:17.253 [info] fatal: not a git repository (or any parent up to mount point /)
Stopping at filesystem boundary (GIT_DISCOVERY_ACROSS_FILESYSTEM not set).
2024-09-07 00:09:17.256 [info] > git rev-parse --show-toplevel [1ms]
2024-09-07 00:09:17.256 [info] fatal: not a git repository (or any parent up to mount point /)
Stopping at filesystem boundary (GIT_DISCOVERY_ACROSS_FILESYSTEM not set).
2024-09-07 00:09:17.259 [info] > git rev-parse --show-toplevel [1ms]
2024-09-07 00:09:17.259 [info] fatal: not a git repository (or any parent up to mount point /)
Stopping at filesystem boundary (GIT_DISCOVERY_ACROSS_FILESYSTEM not set).
2024-09-07 00:09:17.262 [info] > git rev-parse --show-toplevel [0ms]
2024-09-07 00:09:17.262 [info] fatal: not a git repository (or any parent up to mount point /)
Stopping at filesystem boundary (GIT_DISCOVERY_ACROSS_FILESYSTEM not set).
2024-09-07 00:09:17.266 [info] > git rev-parse --show-toplevel [0ms]
2024-09-07 00:09:17.266 [info] fatal: not a git repository (or any parent up to mount point /)
Stopping at filesystem boundary (GIT_DISCOVERY_ACROSS_FILESYSTEM not set).
2024-09-07 00:09:17.268 [info] > git rev-parse --show-toplevel [0ms]
2024-09-07 00:09:17.268 [info] fatal: not a git repository (or any parent up to mount point /)
Stopping at filesystem boundary (GIT_DISCOVERY_ACROSS_FILESYSTEM not set).
2024-09-07 00:09:17.272 [info] > git rev-parse --show-toplevel [1ms]
2024-09-07 00:09:17.272 [info] fatal: not a git repository (or any parent up to mount point /)
Stopping at filesystem boundary (GIT_DISCOVERY_ACROSS_FILESYSTEM not set).
2024-09-07 00:09:17.275 [info] > git rev-parse --show-toplevel [1ms]
2024-09-07 00:09:17.275 [info] fatal: not a git repository (or any parent up to mount point /)
Stopping at filesystem boundary (GIT_DISCOVERY_ACROSS_FILESYSTEM not set).
2024-09-07 00:09:17.278 [info] > git rev-parse --show-toplevel [1ms]
2024-09-07 00:09:17.278 [info] fatal: not a git repository (or any parent up to mount point /)
Stopping at filesystem boundary (GIT_DISCOVERY_ACROSS_FILESYSTEM not set).
2024-09-07 00:09:17.281 [info] > git rev-parse --show-toplevel [1ms]
2024-09-07 00:09:17.281 [info] fatal: not a git repository (or any parent up to mount point /)
Stopping at filesystem boundary (GIT_DISCOVERY_ACROSS_FILESYSTEM not set).
2024-09-07 00:09:17.284 [info] > git rev-parse --show-toplevel [1ms]
2024-09-07 00:09:17.284 [info] fatal: not a git repository (or any parent up to mount point /)
Stopping at filesystem boundary (GIT_DISCOVERY_ACROSS_FILESYSTEM not set).
2024-09-07 00:09:17.287 [info] > git rev-parse --show-toplevel [0ms]
2024-09-07 00:09:17.287 [info] fatal: not a git repository (or any parent up to mount point /)
Stopping at filesystem boundary (GIT_DISCOVERY_ACROSS_FILESYSTEM not set).
2024-09-07 00:09:17.290 [info] > git rev-parse --show-toplevel [0ms]
2024-09-07 00:09:17.290 [info] fatal: not a git repository (or any parent up to mount point /)
Stopping at filesystem boundary (GIT_DISCOVERY_ACROSS_FILESYSTEM not set).
2024-09-07 00:09:17.294 [info] > git rev-parse --show-toplevel [0ms]
2024-09-07 00:09:17.297 [info] > git rev-parse --git-dir --git-common-dir [1ms]
2024-09-07 00:09:17.303 [info] [Model][openRepository] Opened repository: /home/offlinebot/dotfiles
2024-09-07 00:09:17.309 [info] > git config --get commit.template [3ms]
2024-09-07 00:09:17.310 [info] > git rev-parse --show-toplevel [2ms]
2024-09-07 00:09:17.310 [info] fatal: not a git repository (or any parent up to mount point /)
Stopping at filesystem boundary (GIT_DISCOVERY_ACROSS_FILESYSTEM not set).
2024-09-07 00:09:17.316 [info] > git for-each-ref --format=%(refname)%00%(upstream:short)%00%(objectname)%00%(upstream:track)%00%(upstream:remotename)%00%(upstream:remoteref) refs/heads/main refs/remotes/main [4ms]
2024-09-07 00:09:17.317 [info] > git rev-parse --show-toplevel [1ms]
2024-09-07 00:09:17.317 [info] fatal: not a git repository (or any parent up to mount point /)
Stopping at filesystem boundary (GIT_DISCOVERY_ACROSS_FILESYSTEM not set).
2024-09-07 00:09:17.318 [info] [Model][doInitialScan] Initial repository scan completed - repositories (1), closed repositories (0), parent repositories (0), unsafe repositories (0)
2024-09-07 00:09:17.348 [info] > git status -z -uall [22ms]
2024-09-07 00:09:17.359 [info] > git for-each-ref --format=%(refname)%00%(upstream:short)%00%(objectname)%00%(upstream:track)%00%(upstream:remotename)%00%(upstream:remoteref) refs/heads/main refs/remotes/main [7ms]
2024-09-07 00:09:17.364 [info] > git config --get commit.template [5ms]
2024-09-07 00:09:17.365 [info] > git config --local branch.main.vscode-merge-base [2ms]
2024-09-07 00:09:17.365 [warning] [Git][config] git config failed: Failed to execute git
2024-09-07 00:09:17.379 [info] > git for-each-ref --format=%(refname)%00%(upstream:short)%00%(objectname)%00%(upstream:track)%00%(upstream:remotename)%00%(upstream:remoteref) refs/heads/main refs/remotes/main [8ms]
2024-09-07 00:09:17.379 [info] > git reflog main --grep-reflog=branch: Created from *. [11ms]
2024-09-07 00:09:17.386 [info] > git symbolic-ref --short refs/remotes/origin/HEAD [5ms]
2024-09-07 00:09:17.386 [info] fatal: ref refs/remotes/origin/HEAD is not a symbolic ref
2024-09-07 00:09:17.393 [info] > git merge-base refs/heads/main refs/remotes/origin/main [4ms]
2024-09-07 00:09:17.397 [info] > git rev-list --count --left-right refs/heads/main...refs/remotes/origin/main [1ms]
2024-09-07 00:09:17.415 [info] > git status -z -uall [22ms]
2024-09-07 00:09:17.415 [info] > git diff --name-status -z --diff-filter=ADMR 2c2ea6010fc65495cd6d214e3df8ae34531eba2e...refs/remotes/origin/main [15ms]
2024-09-07 00:09:17.421 [info] > git for-each-ref --format=%(refname)%00%(upstream:short)%00%(objectname)%00%(upstream:track)%00%(upstream:remotename)%00%(upstream:remoteref) refs/heads/main refs/remotes/main [2ms]
2024-09-07 00:09:17.426 [info] > git config --local branch.main.vscode-merge-base [1ms]
2024-09-07 00:09:17.426 [warning] [Git][config] git config failed: Failed to execute git
2024-09-07 00:09:17.430 [info] > git reflog main --grep-reflog=branch: Created from *. [2ms]
2024-09-07 00:09:17.433 [info] > git symbolic-ref --short refs/remotes/origin/HEAD [1ms]
2024-09-07 00:09:17.433 [info] fatal: ref refs/remotes/origin/HEAD is not a symbolic ref
2024-09-07 00:09:19.010 [info] > git rev-parse --show-toplevel [1ms]
2024-09-07 00:09:19.010 [info] fatal: not a git repository (or any parent up to mount point /)
Stopping at filesystem boundary (GIT_DISCOVERY_ACROSS_FILESYSTEM not set).
2024-09-07 00:09:23.338 [info] > git check-ignore -v -z --stdin [2ms]
2024-09-07 00:09:28.478 [info] > git config --get commit.template [6ms]
2024-09-07 00:09:28.479 [info] > git for-each-ref --format=%(refname)%00%(upstream:short)%00%(objectname)%00%(upstream:track)%00%(upstream:remotename)%00%(upstream:remoteref) refs/heads/main refs/remotes/main [1ms]
2024-09-07 00:09:28.503 [info] > git status -z -uall [21ms]
2024-09-07 00:09:28.512 [info] > git for-each-ref --format=%(refname)%00%(upstream:short)%00%(objectname)%00%(upstream:track)%00%(upstream:remotename)%00%(upstream:remoteref) refs/heads/main refs/remotes/main [5ms]
2024-09-07 00:09:28.517 [info] > git config --local branch.main.vscode-merge-base [1ms]
2024-09-07 00:09:28.517 [warning] [Git][config] git config failed: Failed to execute git
2024-09-07 00:09:28.521 [info] > git reflog main --grep-reflog=branch: Created from *. [1ms]
2024-09-07 00:09:28.524 [info] > git symbolic-ref --short refs/remotes/origin/HEAD [1ms]
2024-09-07 00:09:28.524 [info] fatal: ref refs/remotes/origin/HEAD is not a symbolic ref
