2024-09-05 22:18:25.029 [info] Configuration changed
2024-09-05 22:18:25.839 [info] Configuration changed
2024-09-05 22:18:34.606 [info] Active editor: file:///home/offlinebot/.config/ags/windows/stats/stats.js
2024-09-05 22:18:36.888 [info] /home/offlinebot/.config/ags/style/menu.css closed
2024-09-05 22:18:45.731 [info] Active editor: file:///home/offlinebot/.config/ags/style/stats.css
2024-09-05 22:18:47.649 [info] /home/offlinebot/.config/ags/windows/menu/modules/extra.js closed
2024-09-05 22:18:48.183 [info] Active editor: file:///home/offlinebot/.config/ags/windows/stats/stats.js
2024-09-05 22:18:50.647 [info] Executing :w
2024-09-05 22:18:51.818 [info] Executing :w
2024-09-05 22:18:57.496 [info] Executing :w
2024-09-05 22:18:59.331 [info] Executing :w
2024-09-05 22:19:01.915 [info] Executing :w
2024-09-05 22:19:06.420 [info] Executing :w
2024-09-05 22:19:14.317 [info] Executing :w
2024-09-05 22:19:38.223 [info] Executing :w
2024-09-05 22:19:39.490 [info] Executing :w
2024-09-05 22:19:44.657 [info] Executing :w
2024-09-05 22:19:53.602 [info] Executing :w
2024-09-05 22:20:01.789 [info] Executing :w
2024-09-05 22:20:03.141 [info] Executing :w
2024-09-05 22:20:09.507 [info] Executing :w
2024-09-05 22:20:10.151 [info] Executing :w
2024-09-05 22:20:13.906 [info] Executing :w
2024-09-05 22:20:25.464 [info] Executing :w
2024-09-05 22:20:31.110 [info] Executing :w
2024-09-05 22:20:34.900 [info] Executing :w
2024-09-05 22:20:35.510 [info] Executing :w
2024-09-05 22:20:37.037 [info] Executing :w
2024-09-05 22:20:42.003 [info] Executing :w
2024-09-05 22:20:51.083 [info] Active editor: file:///home/offlinebot/.config/ags/windows/bar/bar.js
2024-09-05 22:20:57.938 [info] /home/offlinebot/.config/ags/windows/bar/bar.js closed
2024-09-05 22:20:57.952 [info] Active editor: file:///home/offlinebot/.config/ags/windows/bar/hardware.js
2024-09-05 22:21:02.432 [info] Active editor: file:///home/offlinebot/.config/ags/windows/stats/stats.js
2024-09-05 22:21:06.788 [info] Executing :w
2024-09-05 22:21:09.353 [info] Executing :w
2024-09-05 22:21:13.632 [info] Executing :w
2024-09-05 22:21:23.046 [info] Executing :w
2024-09-05 22:21:26.714 [info] Executing :w
2024-09-05 22:21:32.859 [info] Executing :w
2024-09-05 22:21:38.615 [info] Executing :w
2024-09-05 22:21:42.748 [info] Executing :w
2024-09-05 22:22:10.114 [info] Executing :w
2024-09-05 22:22:10.679 [info] Executing :w
2024-09-05 22:22:11.951 [info] Executing :w
2024-09-05 22:22:24.526 [info] Executing :w
2024-09-05 22:22:26.478 [info] Executing :w
2024-09-05 22:22:49.000 [info] Executing :w
2024-09-05 22:22:50.643 [info] Active editor: file:///home/offlinebot/.config/ags/style/stats.css
2024-09-05 22:22:52.301 [info] Executing :w
2024-09-05 22:22:54.329 [info] Active editor: file:///home/offlinebot/.config/ags/style/stats.css
2024-09-05 22:22:55.504 [info] /home/offlinebot/.config/ags/windows/bar/hardware.js closed
2024-09-05 22:22:57.679 [info] Executing :w
2024-09-05 22:22:59.396 [info] Executing :w
2024-09-05 22:23:13.359 [info] Executing :w
2024-09-05 22:23:14.894 [info] Active editor: file:///home/offlinebot/.config/ags/windows/stats/stats.js
2024-09-05 22:23:35.737 [info] Executing :w
2024-09-05 22:23:36.397 [info] Executing :w
2024-09-05 22:23:37.154 [info] Executing :w
2024-09-05 22:23:38.502 [info] Executing :w
2024-09-05 22:23:40.435 [info] Executing :w
2024-09-05 22:23:43.284 [info] Executing :w
2024-09-05 22:23:47.085 [info] Executing :w
2024-09-05 22:23:47.695 [info] Active editor: file:///home/offlinebot/.config/ags/style/stats.css
2024-09-05 22:23:57.237 [info] Executing :w
2024-09-05 22:23:57.562 [info] Active editor: file:///home/offlinebot/.config/ags/windows/stats/stats.js
2024-09-05 22:24:01.131 [info] Active editor: file:///home/offlinebot/.config/ags/style/bar.css
2024-09-05 22:24:01.845 [info] Executing :w
2024-09-05 22:24:03.736 [info] /home/offlinebot/.config/ags/style/bar.css closed
2024-09-05 22:24:03.741 [info] Active editor: file:///home/offlinebot/.config/ags/windows/stats/stats.js
2024-09-05 22:24:04.454 [info] Active editor: file:///home/offlinebot/.config/ags/style/stats.css
2024-09-05 22:24:07.450 [info] Executing :w
2024-09-05 22:24:10.750 [info] Executing :w
2024-09-05 22:24:11.689 [info] Executing :w
2024-09-05 22:27:03.005 [info] Executing :w
2024-09-05 22:27:04.508 [info] Active editor: file:///home/offlinebot/.config/ags/windows/stats/stats.js
2024-09-05 22:27:07.458 [info] Active editor: file:///home/offlinebot/.config/ags/style/menu.css
2024-09-05 22:27:09.254 [info] Active editor: file:///home/offlinebot/.config/ags/style/menu.css
2024-09-05 22:27:14.686 [info] Executing :w
2024-09-05 22:27:19.375 [info] Executing :w
2024-09-05 22:27:25.086 [info] Executing :w
2024-09-05 22:27:28.107 [info] Executing :w
2024-09-05 22:27:54.557 [info] Executing :w
2024-09-05 22:27:55.396 [info] Executing :w
2024-09-05 22:28:01.417 [info] Executing :w
2024-09-05 22:28:27.323 [info] Executing :w
2024-09-05 22:28:28.221 [info] Executing :w
2024-09-05 22:30:33.713 [info] Executing :w
2024-09-05 22:31:14.430 [info] Executing :w
2024-09-05 22:31:28.415 [info] Executing :w
2024-09-05 22:31:41.573 [info] Executing :w
2024-09-05 22:31:43.342 [info] Executing :w
2024-09-05 22:32:06.850 [info] Executing :w
2024-09-05 22:32:21.827 [info] Executing :w
2024-09-05 22:33:02.247 [info] Executing :w
2024-09-05 22:33:03.195 [info] Executing :w
2024-09-05 22:33:05.128 [info] Executing :w
2024-09-05 22:33:23.771 [info] Executing :w
2024-09-05 22:33:24.774 [info] Executing :w
2024-09-05 22:33:26.347 [info] Executing :w
2024-09-05 22:33:27.797 [info] Executing :w
2024-09-05 22:33:28.571 [info] Executing :w
2024-09-05 22:33:33.653 [info] Executing :w
2024-09-05 22:33:34.624 [info] Executing :w
2024-09-05 22:33:35.389 [info] Executing :w
2024-09-05 22:33:39.625 [info] Active editor: file:///home/offlinebot/.config/ags/windows/menu/menu.js
2024-09-05 22:33:42.237 [info] Executing :w
2024-09-05 22:33:42.756 [info] Executing :w
2024-09-05 22:33:45.609 [info] Executing :w
2024-09-05 22:33:46.297 [info] Executing :w
2024-09-05 22:34:12.185 [info] Executing :w
2024-09-05 22:34:14.397 [info] Active editor: file:///home/offlinebot/.config/ags/style/stats.css
2024-09-05 22:34:16.553 [info] Active editor: file:///home/offlinebot/.config/ags/style/menu.css
2024-09-05 22:34:17.321 [info] Active editor: file:///home/offlinebot/.config/ags/style/menu.css
2024-09-05 22:34:19.084 [info] /home/offlinebot/.config/ags/windows/stats/stats.js closed
2024-09-05 22:34:25.077 [info] Active editor: file:///home/offlinebot/.config/ags/windows/menu/menu.js
2024-09-05 22:34:27.261 [info] Active editor: file:///home/offlinebot/.config/ags/style/menu.css
2024-09-05 22:34:41.904 [info] Executing :w
2024-09-05 22:34:45.354 [info] Executing :w
2024-09-05 22:34:47.814 [info] Executing :w
2024-09-05 22:34:51.660 [info] Executing :w
2024-09-05 22:35:07.114 [info] Executing :w
2024-09-05 22:35:24.688 [info] Active editor: file:///home/offlinebot/.config/ags/windows/menu/menu.js
2024-09-05 22:35:26.754 [info] Executing :w
2024-09-05 22:35:30.673 [info] Executing :w
2024-09-05 22:35:37.685 [info] Active editor: file:///home/offlinebot/.config/ags/style/menu.css
2024-09-05 22:35:44.939 [info] /home/offlinebot/.config/ags/windows/menu/menu.js closed
2024-09-05 22:35:45.572 [info] /home/offlinebot/.config/ags/style/stats.css closed
2024-09-05 22:36:01.021 [info] Active editor: file:///home/offlinebot/.config/ags/style/colors.css
2024-09-05 22:36:04.367 [info] Active editor: file:///home/offlinebot/.config/ags/style/menu.css
2024-09-05 22:36:38.260 [info] Executing :w
2024-09-05 22:36:50.904 [info] Executing :w
2024-09-05 22:36:52.253 [info] Executing :w
2024-09-05 22:37:05.528 [info] Executing :w
2024-09-05 22:37:06.758 [info] Executing :w
2024-09-05 22:37:26.494 [info] /home/offlinebot/.config/ags/style/colors.css closed
2024-09-05 22:37:26.514 [info] Active editor: file:///home/offlinebot/.config/ags/windows/menu/menu.js
2024-09-05 22:37:29.722 [info] Executing :w
2024-09-05 22:37:30.391 [info] Executing :w
2024-09-05 22:38:05.872 [info] Executing :w
2024-09-05 22:38:11.491 [info] Active editor: file:///home/offlinebot/.config/ags/style/menu.css
2024-09-05 22:38:19.639 [info] Executing :w
2024-09-05 22:38:21.244 [info] Executing :w
2024-09-05 22:38:30.493 [info] Executing :w
2024-09-05 22:38:45.788 [info] Executing :w
2024-09-05 22:39:00.449 [info] Executing :w
2024-09-05 22:39:04.997 [info] Active editor: file:///home/offlinebot/.config/ags/windows/menu/menu.js
2024-09-05 22:39:12.347 [info] Executing :w
2024-09-05 22:39:14.151 [info] Executing :w
2024-09-05 22:39:17.172 [info] Active editor: file:///home/offlinebot/.config/ags/style/menu.css
2024-09-05 22:39:20.332 [info] Executing :w
2024-09-05 22:39:30.953 [info] Executing :w
2024-09-05 22:42:27.359 [info] Executing :w
2024-09-05 22:42:33.118 [info] Executing :w
2024-09-05 22:42:38.490 [info] Executing :w
2024-09-05 22:43:00.848 [info] Executing :w
2024-09-05 22:43:13.284 [info] Executing :w
2024-09-05 22:43:14.123 [info] Executing :w
2024-09-05 22:43:15.171 [info] Executing :w
2024-09-05 22:43:18.873 [info] Executing :w
2024-09-05 22:43:31.689 [info] Executing :w
2024-09-05 22:43:50.803 [info] Executing :w
2024-09-05 22:44:02.136 [info] Executing :w
2024-09-05 22:44:10.480 [info] Executing :w
2024-09-05 22:44:11.296 [info] Executing :w
2024-09-05 22:44:12.282 [info] Executing :w
2024-09-05 22:44:16.194 [info] Active editor: file:///home/offlinebot/.config/ags/style/bar.css
2024-09-05 22:44:23.659 [info] /home/offlinebot/.config/ags/style/bar.css closed
2024-09-05 22:44:23.669 [info] Active editor: file:///home/offlinebot/.config/ags/windows/bar/bar.js
2024-09-05 22:44:35.617 [info] Active editor: file:///home/offlinebot/.config/ags/windows/menu/menu.js
2024-09-05 22:44:39.914 [info] Executing :w
2024-09-05 22:44:43.226 [info] Executing :w
2024-09-05 22:44:45.810 [info] Active editor: file:///home/offlinebot/.config/ags/style/menu.css
2024-09-05 22:44:50.913 [info] Executing :w
2024-09-05 22:44:53.329 [info] Active editor: file:///home/offlinebot/.config/ags/windows/bar/bar.js
2024-09-05 22:45:18.048 [info] Executing :w
2024-09-05 22:45:20.427 [info] Executing :w
2024-09-05 22:45:28.820 [warning] invalid cursor position. [[59, 12] | [59, 8]].
2024-09-05 22:45:33.782 [info] Executing :w
2024-09-05 22:45:38.337 [info] Executing :w
2024-09-05 22:45:42.775 [info] Executing :w
2024-09-05 22:45:46.365 [info] Executing :w
2024-09-05 22:45:50.816 [info] Executing :w
2024-09-05 22:45:54.748 [info] Executing :w
2024-09-05 22:45:56.088 [info] Executing :w
2024-09-05 22:45:57.087 [info] Executing :w
2024-09-05 22:46:01.389 [info] Executing :w
2024-09-05 22:46:02.118 [info] Executing :w
2024-09-05 22:46:06.094 [info] Active editor: file:///home/offlinebot/.config/ags/style/bar.css
2024-09-05 22:46:08.402 [info] Executing :w
2024-09-05 22:46:09.537 [info] Executing :w
2024-09-05 22:46:14.094 [info] Executing :w
2024-09-05 22:46:26.081 [info] Active editor: file:///home/offlinebot/.config/ags/style/menu.css
2024-09-05 22:46:29.421 [info] Active editor: file:///home/offlinebot/.config/ags/style/bar.css
2024-09-05 22:46:35.699 [info] Executing :w
2024-09-05 22:46:47.190 [info] Executing :w
2024-09-05 22:46:56.544 [info] Active editor: file:///home/offlinebot/.config/ags/windows/bar/bar.js
2024-09-05 22:47:02.911 [info] Active editor: file:///home/offlinebot/.config/ags/style/bar.css
2024-09-05 22:47:17.615 [info] Executing :w
2024-09-05 22:47:19.267 [info] Executing :w
2024-09-05 22:47:21.173 [info] Executing :w
2024-09-05 22:47:33.222 [info] Executing :w
2024-09-05 22:47:35.069 [info] Executing :w
2024-09-05 22:47:36.417 [info] Executing :w
2024-09-05 22:47:54.254 [info] Executing :w
2024-09-05 22:47:54.991 [info] Executing :w
2024-09-05 22:47:56.225 [info] Executing :w
2024-09-05 22:47:57.246 [info] Executing :w
2024-09-05 22:48:48.306 [info] Executing :w
2024-09-05 22:48:52.904 [info] Executing :w
2024-09-05 22:48:54.595 [info] Executing :w
2024-09-05 22:49:03.668 [info] Executing :w
2024-09-05 22:49:26.723 [info] Executing :w
2024-09-05 22:50:13.504 [info] Executing :w
2024-09-05 22:50:33.962 [info] Executing :w
2024-09-05 22:50:51.271 [info] Executing :w
2024-09-05 22:50:56.796 [info] Executing :w
2024-09-05 22:52:26.152 [info] Executing :w
2024-09-05 22:52:46.519 [info] Executing :w
2024-09-05 22:53:35.170 [info] Active editor: file:///home/offlinebot/.config/ags/windows/bar/bar.js
2024-09-05 22:53:47.079 [info] Executing :w
2024-09-05 22:53:48.000 [info] Executing :w
2024-09-05 22:53:53.922 [info] Executing :w
2024-09-05 22:54:09.552 [info] Executing :w
2024-09-05 22:54:22.627 [info] Executing :w
2024-09-05 22:54:46.942 [info] Executing :w
2024-09-05 22:54:48.405 [info] Executing :w
2024-09-05 22:54:57.234 [info] Executing :w
2024-09-05 22:54:59.385 [info] Executing :w
2024-09-05 22:55:01.113 [info] Executing :w
2024-09-05 22:55:27.583 [info] Executing :w
2024-09-05 22:55:28.382 [info] Executing :w
2024-09-05 22:55:29.394 [info] Executing :w
2024-09-05 22:55:37.704 [info] Executing :w
2024-09-05 22:55:46.930 [info] Executing :w
2024-09-05 22:55:48.434 [info] Executing :w
2024-09-05 22:55:49.082 [info] Executing :w
2024-09-05 22:55:50.340 [info] Executing :w
2024-09-05 22:55:51.330 [info] Executing :w
2024-09-05 22:55:53.018 [info] Active editor: file:///home/offlinebot/.config/ags/style/bar.css
2024-09-05 22:56:06.357 [info] Executing :w
2024-09-05 22:56:22.596 [info] Executing :w
2024-09-05 22:56:45.322 [info] Active editor: file:///home/offlinebot/.config/ags/windows/bar/bar.js
2024-09-05 22:56:45.811 [info] Executing :w
2024-09-05 22:56:46.600 [info] Executing :w
2024-09-05 22:56:58.692 [info] Executing :w
2024-09-05 22:56:59.296 [info] Executing :w
2024-09-05 22:57:02.975 [info] Executing :w
2024-09-05 22:57:11.380 [info] Executing :w
2024-09-05 22:57:27.920 [info] Executing :w
2024-09-05 22:57:29.009 [info] Executing :w
2024-09-05 22:57:30.573 [info] Executing :w
2024-09-05 22:57:51.155 [info] Executing :w
2024-09-05 22:58:01.891 [info] Executing :w
2024-09-05 22:59:31.310 [info] Executing :w
2024-09-05 22:59:31.771 [info] Executing :w
2024-09-05 22:59:32.432 [info] Executing :w
2024-09-05 22:59:33.137 [info] Executing :w
2024-09-05 22:59:33.862 [info] Executing :w
2024-09-05 22:59:42.308 [info] Executing :w
2024-09-05 22:59:45.252 [info] Executing :w
2024-09-05 22:59:56.441 [info] Executing :w
2024-09-05 22:59:59.403 [info] Executing :w
2024-09-05 22:59:59.953 [info] Executing :w
2024-09-05 23:00:47.360 [info] Executing :w
2024-09-05 23:00:56.608 [info] Executing :w
2024-09-05 23:01:05.310 [info] Executing :w
2024-09-05 23:01:12.706 [info] Executing :w
2024-09-05 23:01:27.106 [info] Executing :w
2024-09-05 23:01:30.529 [info] Executing :w
2024-09-05 23:01:46.467 [info] Active editor: file:///home/offlinebot/.config/ags/style/bar.css
2024-09-05 23:01:49.962 [info] Executing :w
2024-09-05 23:01:51.357 [info] Executing :w
2024-09-05 23:01:56.212 [info] Executing :w
2024-09-05 23:01:58.107 [info] Executing :w
2024-09-05 23:02:10.790 [info] Active editor: file:///home/offlinebot/.config/ags/style/menu.css
2024-09-05 23:02:11.711 [info] Active editor: file:///home/offlinebot/.config/ags/style/menu.css
2024-09-05 23:02:15.613 [info] Active editor: file:///home/offlinebot/.config/ags/style/bar.css
2024-09-05 23:02:28.758 [info] Executing :w
2024-09-05 23:02:31.661 [info] Executing :w
2024-09-05 23:02:32.226 [info] Executing :w
2024-09-05 23:02:35.088 [info] Executing :w
2024-09-05 23:02:52.335 [info] Executing :w
2024-09-05 23:02:54.113 [info] Executing :w
2024-09-05 23:02:55.243 [info] Active editor: file:///home/offlinebot/.config/ags/windows/bar/bar.js
2024-09-05 23:02:59.943 [info] Active editor: file:///home/offlinebot/.config/ags/style/bar.css
2024-09-05 23:03:08.303 [info] Executing :w
2024-09-05 23:03:08.922 [info] Executing :w
2024-09-05 23:03:11.151 [info] Executing :w
2024-09-05 23:03:26.476 [info] Executing :w
2024-09-05 23:03:36.715 [info] Executing :w
2024-09-05 23:03:41.168 [info] Executing :w
2024-09-05 23:03:53.282 [info] Executing :w
2024-09-05 23:03:54.033 [info] Executing :w
2024-09-05 23:03:55.901 [info] Executing :w
2024-09-05 23:03:57.944 [info] Active editor: file:///home/offlinebot/.config/ags/style/menu.css
2024-09-05 23:03:59.950 [info] Active editor: file:///home/offlinebot/.config/ags/style/bar.css
2024-09-05 23:04:02.000 [info] Executing :w
2024-09-05 23:04:12.566 [info] Executing :w
2024-09-05 23:04:15.168 [info] Executing :w
2024-09-05 23:04:16.720 [info] Executing :w
2024-09-05 23:04:18.989 [info] Executing :w
2024-09-05 23:04:29.736 [info] Executing :w
2024-09-05 23:04:30.430 [info] Executing :w
2024-09-05 23:04:33.170 [info] Executing :w
2024-09-05 23:04:48.339 [info] Executing :w
2024-09-05 23:05:18.298 [info] Executing :w
2024-09-05 23:06:00.854 [info] Executing :w
2024-09-05 23:06:10.731 [info] Executing :w
2024-09-05 23:07:04.347 [info] Executing :w
2024-09-05 23:07:18.210 [info] Executing :w
2024-09-05 23:07:19.392 [info] Executing :w
2024-09-05 23:07:22.127 [info] Executing :w
2024-09-05 23:07:37.793 [info] Executing :w
2024-09-05 23:08:23.981 [info] Executing :w
2024-09-05 23:08:25.220 [info] Executing :w
2024-09-05 23:08:30.843 [info] Executing :w
2024-09-05 23:08:49.926 [info] Executing :w
2024-09-05 23:09:16.079 [info] Executing :w
2024-09-05 23:09:18.650 [info] Executing :w
2024-09-05 23:09:22.209 [info] Executing :w
2024-09-05 23:09:40.027 [info] Executing :w
2024-09-05 23:09:59.337 [info] Executing :w
2024-09-05 23:09:59.806 [info] Executing :w
2024-09-05 23:10:00.684 [info] Executing :w
2024-09-05 23:10:02.840 [info] Executing :w
2024-09-05 23:10:03.755 [info] Executing :w
2024-09-05 23:10:09.460 [info] Executing :w
2024-09-05 23:10:10.416 [info] Executing :w
2024-09-05 23:10:17.465 [info] Executing :w
2024-09-05 23:10:29.770 [info] Executing :w
2024-09-05 23:10:49.570 [info] Executing :w
2024-09-05 23:10:50.166 [info] Executing :w
2024-09-05 23:10:54.278 [info] Executing :w
2024-09-05 23:10:55.093 [info] Executing :w
2024-09-05 23:10:56.693 [info] Executing :w
2024-09-05 23:10:58.950 [info] Executing :w
2024-09-05 23:11:49.770 [info] Executing :w
2024-09-05 23:11:54.725 [info] Executing :w
2024-09-05 23:12:18.725 [info] Executing :w
2024-09-05 23:12:28.075 [info] Executing :w
2024-09-05 23:12:35.033 [info] Executing :w
2024-09-05 23:12:50.280 [info] Executing :w
2024-09-05 23:13:34.491 [info] Executing :w
2024-09-05 23:13:45.542 [info] Executing :w
2024-09-05 23:14:09.040 [info] Executing :w
2024-09-05 23:14:11.341 [info] Executing :w
2024-09-05 23:14:12.660 [info] Executing :w
2024-09-05 23:14:19.643 [info] Executing :w
2024-09-05 23:14:43.721 [info] Executing :w
2024-09-05 23:15:08.381 [info] Executing :w
2024-09-05 23:15:10.424 [info] Executing :w
2024-09-05 23:15:19.541 [info] Executing :w
2024-09-05 23:15:21.238 [info] Executing :w
2024-09-05 23:15:22.724 [info] Executing :w
2024-09-05 23:15:48.131 [info] Executing :w
2024-09-05 23:15:59.175 [info] Executing :w
2024-09-05 23:16:13.887 [info] Executing :w
2024-09-05 23:16:27.408 [info] Executing :w
2024-09-05 23:16:27.846 [info] Executing :w
2024-09-05 23:16:28.908 [info] Executing :w
2024-09-05 23:16:34.662 [info] Executing :w
2024-09-05 23:16:38.577 [info] Executing :w
2024-09-05 23:16:52.623 [info] Executing :w
2024-09-05 23:16:53.502 [info] Executing :wqa
2024-09-05 23:16:53.554 [info] /home/offlinebot/.config/ags/style/menu.css closed
2024-09-05 23:16:53.571 [info] /home/offlinebot/.config/ags/windows/bar/bar.js closed
2024-09-05 23:16:53.571 [info] /home/offlinebot/.config/ags/windows/menu/menu.js closed
2024-09-05 23:16:53.571 [info] /home/offlinebot/.config/ags/style/bar.css closed
2024-09-05 23:16:53.572 [warning] getLineLength() called with out-of-bounds line 14
2024-09-05 23:16:53.572 [warning] invalid cursor position. [[14, 28] | [14, 28]].
