2024-09-05 23:47:00.100 [info] [main] Log level: Info
2024-09-05 23:47:00.100 [info] [main] Validating found git in: "git"
2024-09-05 23:47:00.100 [info] [main] Using git "2.46.0" from "git"
2024-09-05 23:47:00.100 [info] [Model][doInitialScan] Initial repository scan started
2024-09-05 23:47:00.100 [info] > git rev-parse --show-toplevel [2ms]
2024-09-05 23:47:00.100 [info] fatal: not a git repository (or any parent up to mount point /)
Stopping at filesystem boundary (GIT_DISCOVERY_ACROSS_FILESYSTEM not set).
2024-09-05 23:47:00.101 [info] > git rev-parse --show-toplevel [1ms]
2024-09-05 23:47:00.101 [info] fatal: not a git repository (or any parent up to mount point /)
Stopping at filesystem boundary (GIT_DISCOVERY_ACROSS_FILESYSTEM not set).
2024-09-05 23:47:00.106 [info] > git rev-parse --show-toplevel [1ms]
2024-09-05 23:47:00.106 [info] fatal: not a git repository (or any parent up to mount point /)
Stopping at filesystem boundary (GIT_DISCOVERY_ACROSS_FILESYSTEM not set).
2024-09-05 23:47:00.110 [info] > git rev-parse --show-toplevel [1ms]
2024-09-05 23:47:00.110 [info] fatal: not a git repository (or any parent up to mount point /)
Stopping at filesystem boundary (GIT_DISCOVERY_ACROSS_FILESYSTEM not set).
2024-09-05 23:47:00.115 [info] > git rev-parse --show-toplevel [1ms]
2024-09-05 23:47:00.115 [info] fatal: not a git repository (or any parent up to mount point /)
Stopping at filesystem boundary (GIT_DISCOVERY_ACROSS_FILESYSTEM not set).
2024-09-05 23:47:00.118 [info] [Model][doInitialScan] Initial repository scan completed - repositories (0), closed repositories (0), parent repositories (0), unsafe repositories (0)
2024-09-05 23:47:01.982 [info] > git rev-parse --show-toplevel [1ms]
2024-09-05 23:47:01.982 [info] fatal: not a git repository (or any parent up to mount point /)
Stopping at filesystem boundary (GIT_DISCOVERY_ACROSS_FILESYSTEM not set).
2024-09-05 23:47:05.868 [info] > git rev-parse --show-toplevel [3ms]
2024-09-05 23:47:05.868 [info] fatal: not a git repository (or any parent up to mount point /)
Stopping at filesystem boundary (GIT_DISCOVERY_ACROSS_FILESYSTEM not set).
2024-09-05 23:47:09.192 [info] > git rev-parse --show-toplevel [2ms]
2024-09-05 23:47:09.192 [info] fatal: not a git repository (or any parent up to mount point /)
Stopping at filesystem boundary (GIT_DISCOVERY_ACROSS_FILESYSTEM not set).
2024-09-05 23:47:09.554 [info] > git rev-parse --show-toplevel [2ms]
2024-09-05 23:47:09.554 [info] fatal: not a git repository (or any parent up to mount point /)
Stopping at filesystem boundary (GIT_DISCOVERY_ACROSS_FILESYSTEM not set).
