2024-09-05 22:18:23.860 [info] Extension host with pid 95997 started
2024-09-05 22:18:23.860 [info] Skipping acquiring lock for /home/offlinebot/.config/Code/User/workspaceStorage/fd214d1c3d38f928685dbdd9e19daf4f.
2024-09-05 22:18:24.069 [info] ExtensionService#_doActivateExtension vscode.emmet, startup: false, activationEvent: 'onLanguage'
2024-09-05 22:18:24.074 [info] ExtensionService#_doActivateExtension vscode.typescript-language-features, startup: false, activationEvent: 'onLanguage:javascript'
2024-09-05 22:18:24.097 [info] ExtensionService#_doActivateExtension vscode.css-language-features, startup: false, activationEvent: 'onLanguage:css'
2024-09-05 22:18:24.536 [info] ExtensionService#_doActivateExtension vscode.git-base, startup: true, activationEvent: '*', root cause: vscode.git
2024-09-05 22:18:24.538 [info] ExtensionService#_doActivateExtension standard.vscode-standard, startup: true, activationEvent: '*'
2024-09-05 22:18:24.627 [info] ExtensionService#_doActivateExtension vscode.git, startup: true, activationEvent: '*'
2024-09-05 22:18:24.651 [info] ExtensionService#_doActivateExtension vscode.github, startup: true, activationEvent: '*'
2024-09-05 22:18:24.717 [info] Eager extensions activated
2024-09-05 22:18:24.749 [info] ExtensionService#_doActivateExtension vscode.debug-auto-launch, startup: false, activationEvent: 'onStartupFinished'
2024-09-05 22:18:24.751 [info] ExtensionService#_doActivateExtension vscode.merge-conflict, startup: false, activationEvent: 'onStartupFinished'
2024-09-05 22:18:24.759 [info] ExtensionService#_doActivateExtension Catppuccin.catppuccin-vsc, startup: false, activationEvent: 'onStartupFinished'
2024-09-05 22:18:24.766 [info] ExtensionService#_doActivateExtension equinusocio.vsc-material-theme-icons, startup: false, activationEvent: 'onStartupFinished'
2024-09-05 22:18:24.801 [info] ExtensionService#_doActivateExtension PKief.material-icon-theme, startup: false, activationEvent: 'onStartupFinished'
2024-09-05 22:18:24.808 [info] ExtensionService#_doActivateExtension usernamehw.errorlens, startup: false, activationEvent: 'onStartupFinished'
2024-09-05 22:18:24.811 [info] ExtensionService#_doActivateExtension vscodevim.vim, startup: false, activationEvent: 'onStartupFinished'
2024-09-05 22:27:09.302 [warning] Illegal argument: TextEditor(vs.editor.ICodeEditor:2,$model8)
2024-09-05 22:27:09.302 [warning] Illegal argument: TextEditor(vs.editor.ICodeEditor:2,$model8)
2024-09-05 23:16:53.572 [warning] TextEditor is closed/disposed
2024-09-05 23:16:53.572 [warning] TextEditor is closed/disposed
2024-09-05 23:16:53.576 [warning] Illegal argument: TextEditor(vs.editor.ICodeEditor:4,$model14)
2024-09-05 23:16:53.603 [warning] ExtHostTextEditorOptions 'setCursorStyle' failed:'
2024-09-05 23:16:53.603 [warning] Illegal argument: TextEditor(vs.editor.ICodeEditor:4,$model14)
2024-09-05 23:16:54.655 [info] Extension host terminating: renderer closed the MessagePort
2024-09-05 23:16:54.688 [error] TypeError: r.some is not a function
	at d.saveToDisk (/home/offlinebot/.vscode/extensions/vscodevim.vim-1.28.0/out/extension.js:2:646003)
	at t.deactivate (/home/offlinebot/.vscode/extensions/vscodevim.vim-1.28.0/out/extension.js:2:176792)
	at m.eb (/usr/share/code/resources/app/out/vs/workbench/api/node/extensionHostProcess.js:160:9856)
	at /usr/share/code/resources/app/out/vs/workbench/api/node/extensionHostProcess.js:160:7927
	at Array.map (<anonymous>)
	at m.$ (/usr/share/code/resources/app/out/vs/workbench/api/node/extensionHostProcess.js:160:7914)
	at m.terminate (/usr/share/code/resources/app/out/vs/workbench/api/node/extensionHostProcess.js:160:8187)
	at $.terminate (/usr/share/code/resources/app/out/vs/workbench/api/node/extensionHostProcess.js:164:1513)
	at o (/usr/share/code/resources/app/out/vs/workbench/api/node/extensionHostProcess.js:177:10633)
	at MessagePortMain.<anonymous> (/usr/share/code/resources/app/out/vs/workbench/api/node/extensionHostProcess.js:177:6825)
	at MessagePortMain.emit (node:events:519:28)
	at MessagePortMain._internalPort.emit (node:electron/js2c/utility_init:2:2285)
2024-09-05 23:16:54.688 [info] Extension host with pid 95997 exiting with code 0
