2024-09-06 22:56:31.751 [info] [main] Log level: Info
2024-09-06 22:56:31.751 [info] [main] Validating found git in: "git"
2024-09-06 22:56:31.751 [info] [main] Using git "2.46.0" from "git"
2024-09-06 22:56:31.751 [info] [Model][doInitialScan] Initial repository scan started
2024-09-06 22:56:31.751 [info] > git rev-parse --show-toplevel [2ms]
2024-09-06 22:56:31.752 [info] > git rev-parse --git-dir --git-common-dir [1ms]
2024-09-06 22:56:31.759 [info] [Model][openRepository] Opened repository: /home/offlinebot/.config/ags
2024-09-06 22:56:31.771 [info] > git rev-parse --show-toplevel [2ms]
2024-09-06 22:56:31.772 [info] > git config --get commit.template [6ms]
2024-09-06 22:56:31.778 [info] > git rev-parse --show-toplevel [4ms]
2024-09-06 22:56:31.781 [info] > git for-each-ref --format=%(refname)%00%(upstream:short)%00%(objectname)%00%(upstream:track)%00%(upstream:remotename)%00%(upstream:remoteref) refs/heads/main refs/remotes/main [4ms]
2024-09-06 22:56:31.782 [info] > git rev-parse --show-toplevel [1ms]
2024-09-06 22:56:31.788 [info] > git rev-parse --show-toplevel [4ms]
2024-09-06 22:56:31.789 [info] [Model][doInitialScan] Initial repository scan completed - repositories (1), closed repositories (0), parent repositories (0), unsafe repositories (0)
2024-09-06 22:56:31.790 [info] > git status -z -uall [2ms]
2024-09-06 22:56:31.800 [info] > git for-each-ref --format=%(refname)%00%(upstream:short)%00%(objectname)%00%(upstream:track)%00%(upstream:remotename)%00%(upstream:remoteref) refs/heads/main refs/remotes/main [6ms]
2024-09-06 22:56:31.805 [info] > git config --local branch.main.vscode-merge-base [2ms]
2024-09-06 22:56:31.805 [warning] [Git][config] git config failed: Failed to execute git
2024-09-06 22:56:31.809 [info] > git config --get commit.template [9ms]
2024-09-06 22:56:31.888 [info] > git reflog main --grep-reflog=branch: Created from *. [79ms]
2024-09-06 22:56:31.935 [info] > git symbolic-ref --short refs/remotes/origin/HEAD [43ms]
2024-09-06 22:56:31.935 [info] fatal: ref refs/remotes/origin/HEAD is not a symbolic ref
2024-09-06 22:56:31.941 [info] > git for-each-ref --format=%(refname)%00%(upstream:short)%00%(objectname)%00%(upstream:track)%00%(upstream:remotename)%00%(upstream:remoteref) refs/heads/main refs/remotes/main [10ms]
2024-09-06 22:56:31.944 [info] > git merge-base refs/heads/main refs/remotes/origin/main [4ms]
2024-09-06 22:56:31.952 [info] > git rev-list --count --left-right refs/heads/main...refs/remotes/origin/main [4ms]
2024-09-06 22:56:31.956 [info] > git status -z -uall [5ms]
2024-09-06 22:56:31.962 [info] > git for-each-ref --format=%(refname)%00%(upstream:short)%00%(objectname)%00%(upstream:track)%00%(upstream:remotename)%00%(upstream:remoteref) refs/heads/main refs/remotes/main [2ms]
2024-09-06 22:56:31.965 [info] > git diff --name-status -z --diff-filter=ADMR c0be83562939de0e4dd7f18bcee3e73a33d78866...refs/remotes/origin/main [9ms]
2024-09-06 22:56:31.977 [info] > git config --local branch.main.vscode-merge-base [12ms]
2024-09-06 22:56:31.977 [warning] [Git][config] git config failed: Failed to execute git
2024-09-06 22:56:31.983 [info] > git reflog main --grep-reflog=branch: Created from *. [2ms]
2024-09-06 22:56:31.987 [info] > git symbolic-ref --short refs/remotes/origin/HEAD [1ms]
2024-09-06 22:56:31.987 [info] fatal: ref refs/remotes/origin/HEAD is not a symbolic ref
2024-09-06 22:56:32.402 [info] > git check-ignore -v -z --stdin [2ms]
2024-09-06 22:56:57.518 [info] > git check-ignore -v -z --stdin [1ms]
2024-09-06 22:56:58.014 [info] > git show --textconv :scripts/ram_perc.sh [5ms]
2024-09-06 22:56:58.015 [info] > git ls-files --stage -- /home/offlinebot/.config/ags/scripts/ram_perc.sh [1ms]
2024-09-06 22:57:00.804 [info] > git check-ignore -v -z --stdin [1ms]
