2024-09-06 23:46:53.896 [info] [main] Log level: Info
2024-09-06 23:46:53.896 [info] [main] Validating found git in: "git"
2024-09-06 23:46:53.896 [info] [main] Using git "2.46.0" from "git"
2024-09-06 23:46:53.896 [info] [Model][doInitialScan] Initial repository scan started
2024-09-06 23:46:53.897 [info] > git rev-parse --show-toplevel [1ms]
2024-09-06 23:46:53.897 [info] fatal: not a git repository (or any parent up to mount point /)
Stopping at filesystem boundary (GIT_DISCOVERY_ACROSS_FILESYSTEM not set).
2024-09-06 23:46:53.967 [info] > git rev-parse --show-toplevel [66ms]
2024-09-06 23:46:53.967 [info] fatal: not a git repository (or any parent up to mount point /)
Stopping at filesystem boundary (GIT_DISCOVERY_ACROSS_FILESYSTEM not set).
2024-09-06 23:46:53.988 [info] > git rev-parse --show-toplevel [3ms]
2024-09-06 23:46:53.988 [info] fatal: not a git repository (or any parent up to mount point /)
Stopping at filesystem boundary (GIT_DISCOVERY_ACROSS_FILESYSTEM not set).
2024-09-06 23:46:54.003 [info] > git rev-parse --show-toplevel [10ms]
2024-09-06 23:46:54.003 [info] fatal: not a git repository (or any parent up to mount point /)
Stopping at filesystem boundary (GIT_DISCOVERY_ACROSS_FILESYSTEM not set).
2024-09-06 23:46:54.011 [info] > git rev-parse --show-toplevel [3ms]
2024-09-06 23:46:54.011 [info] fatal: not a git repository (or any parent up to mount point /)
Stopping at filesystem boundary (GIT_DISCOVERY_ACROSS_FILESYSTEM not set).
2024-09-06 23:46:54.018 [info] > git rev-parse --show-toplevel [3ms]
2024-09-06 23:46:54.018 [info] fatal: not a git repository (or any parent up to mount point /)
Stopping at filesystem boundary (GIT_DISCOVERY_ACROSS_FILESYSTEM not set).
2024-09-06 23:46:54.022 [info] > git rev-parse --show-toplevel [1ms]
2024-09-06 23:46:54.022 [info] fatal: not a git repository (or any parent up to mount point /)
Stopping at filesystem boundary (GIT_DISCOVERY_ACROSS_FILESYSTEM not set).
2024-09-06 23:46:54.027 [info] > git rev-parse --show-toplevel [1ms]
2024-09-06 23:46:54.027 [info] fatal: not a git repository (or any parent up to mount point /)
Stopping at filesystem boundary (GIT_DISCOVERY_ACROSS_FILESYSTEM not set).
2024-09-06 23:46:54.030 [info] > git rev-parse --show-toplevel [1ms]
2024-09-06 23:46:54.030 [info] fatal: not a git repository (or any parent up to mount point /)
Stopping at filesystem boundary (GIT_DISCOVERY_ACROSS_FILESYSTEM not set).
2024-09-06 23:46:54.033 [info] > git rev-parse --show-toplevel [1ms]
2024-09-06 23:46:54.033 [info] fatal: not a git repository (or any parent up to mount point /)
Stopping at filesystem boundary (GIT_DISCOVERY_ACROSS_FILESYSTEM not set).
2024-09-06 23:46:54.036 [info] > git rev-parse --show-toplevel [1ms]
2024-09-06 23:46:54.036 [info] fatal: not a git repository (or any parent up to mount point /)
Stopping at filesystem boundary (GIT_DISCOVERY_ACROSS_FILESYSTEM not set).
2024-09-06 23:46:54.039 [info] > git rev-parse --show-toplevel [1ms]
2024-09-06 23:46:54.039 [info] fatal: not a git repository (or any parent up to mount point /)
Stopping at filesystem boundary (GIT_DISCOVERY_ACROSS_FILESYSTEM not set).
2024-09-06 23:46:54.042 [info] > git rev-parse --show-toplevel [1ms]
2024-09-06 23:46:54.042 [info] fatal: not a git repository (or any parent up to mount point /)
Stopping at filesystem boundary (GIT_DISCOVERY_ACROSS_FILESYSTEM not set).
2024-09-06 23:46:54.045 [info] > git rev-parse --show-toplevel [0ms]
2024-09-06 23:46:54.045 [info] fatal: not a git repository (or any parent up to mount point /)
Stopping at filesystem boundary (GIT_DISCOVERY_ACROSS_FILESYSTEM not set).
2024-09-06 23:46:54.049 [info] > git rev-parse --show-toplevel [1ms]
2024-09-06 23:46:54.049 [info] fatal: not a git repository (or any parent up to mount point /)
Stopping at filesystem boundary (GIT_DISCOVERY_ACROSS_FILESYSTEM not set).
2024-09-06 23:46:54.052 [info] > git rev-parse --show-toplevel [0ms]
2024-09-06 23:46:54.052 [info] fatal: not a git repository (or any parent up to mount point /)
Stopping at filesystem boundary (GIT_DISCOVERY_ACROSS_FILESYSTEM not set).
2024-09-06 23:46:54.056 [info] > git rev-parse --show-toplevel [0ms]
2024-09-06 23:46:54.056 [info] fatal: not a git repository (or any parent up to mount point /)
Stopping at filesystem boundary (GIT_DISCOVERY_ACROSS_FILESYSTEM not set).
2024-09-06 23:46:54.059 [info] > git rev-parse --show-toplevel [0ms]
2024-09-06 23:46:54.059 [info] fatal: not a git repository (or any parent up to mount point /)
Stopping at filesystem boundary (GIT_DISCOVERY_ACROSS_FILESYSTEM not set).
2024-09-06 23:46:54.062 [info] > git rev-parse --show-toplevel [0ms]
2024-09-06 23:46:54.062 [info] fatal: not a git repository (or any parent up to mount point /)
Stopping at filesystem boundary (GIT_DISCOVERY_ACROSS_FILESYSTEM not set).
2024-09-06 23:46:54.065 [info] > git rev-parse --show-toplevel [0ms]
2024-09-06 23:46:54.065 [info] fatal: not a git repository (or any parent up to mount point /)
Stopping at filesystem boundary (GIT_DISCOVERY_ACROSS_FILESYSTEM not set).
2024-09-06 23:46:54.068 [info] > git rev-parse --show-toplevel [1ms]
2024-09-06 23:46:54.068 [info] fatal: not a git repository (or any parent up to mount point /)
Stopping at filesystem boundary (GIT_DISCOVERY_ACROSS_FILESYSTEM not set).
2024-09-06 23:46:54.071 [info] > git rev-parse --show-toplevel [0ms]
2024-09-06 23:46:54.071 [info] fatal: not a git repository (or any parent up to mount point /)
Stopping at filesystem boundary (GIT_DISCOVERY_ACROSS_FILESYSTEM not set).
2024-09-06 23:46:54.074 [info] > git rev-parse --show-toplevel [1ms]
2024-09-06 23:46:54.074 [info] fatal: not a git repository (or any parent up to mount point /)
Stopping at filesystem boundary (GIT_DISCOVERY_ACROSS_FILESYSTEM not set).
2024-09-06 23:46:54.077 [info] > git rev-parse --show-toplevel [0ms]
2024-09-06 23:46:54.077 [info] fatal: not a git repository (or any parent up to mount point /)
Stopping at filesystem boundary (GIT_DISCOVERY_ACROSS_FILESYSTEM not set).
2024-09-06 23:46:54.080 [info] > git rev-parse --show-toplevel [1ms]
2024-09-06 23:46:54.080 [info] fatal: not a git repository (or any parent up to mount point /)
Stopping at filesystem boundary (GIT_DISCOVERY_ACROSS_FILESYSTEM not set).
2024-09-06 23:46:54.083 [info] > git rev-parse --show-toplevel [1ms]
2024-09-06 23:46:54.083 [info] fatal: not a git repository (or any parent up to mount point /)
Stopping at filesystem boundary (GIT_DISCOVERY_ACROSS_FILESYSTEM not set).
2024-09-06 23:46:54.086 [info] > git rev-parse --show-toplevel [1ms]
2024-09-06 23:46:54.086 [info] fatal: not a git repository (or any parent up to mount point /)
Stopping at filesystem boundary (GIT_DISCOVERY_ACROSS_FILESYSTEM not set).
2024-09-06 23:46:54.089 [info] > git rev-parse --show-toplevel [1ms]
2024-09-06 23:46:54.089 [info] fatal: not a git repository (or any parent up to mount point /)
Stopping at filesystem boundary (GIT_DISCOVERY_ACROSS_FILESYSTEM not set).
2024-09-06 23:46:54.092 [info] > git rev-parse --show-toplevel [1ms]
2024-09-06 23:46:54.092 [info] fatal: not a git repository (or any parent up to mount point /)
Stopping at filesystem boundary (GIT_DISCOVERY_ACROSS_FILESYSTEM not set).
2024-09-06 23:46:54.093 [info] [Model][doInitialScan] Initial repository scan completed - repositories (0), closed repositories (0), parent repositories (0), unsafe repositories (0)
2024-09-06 23:46:55.847 [info] > git rev-parse --show-toplevel [1ms]
2024-09-06 23:46:55.847 [info] fatal: not a git repository (or any parent up to mount point /)
Stopping at filesystem boundary (GIT_DISCOVERY_ACROSS_FILESYSTEM not set).
