2024-09-06 23:55:38.250 [info] [main] Log level: Info
2024-09-06 23:55:38.250 [info] [main] Validating found git in: "git"
2024-09-06 23:55:38.250 [info] [main] Using git "2.46.0" from "git"
2024-09-06 23:55:38.250 [info] [Model][doInitialScan] Initial repository scan started
2024-09-06 23:55:38.250 [info] > git rev-parse --show-toplevel [2ms]
2024-09-06 23:55:38.250 [info] fatal: not a git repository (or any parent up to mount point /)
Stopping at filesystem boundary (GIT_DISCOVERY_ACROSS_FILESYSTEM not set).
2024-09-06 23:55:38.250 [info] > git rev-parse --show-toplevel [1ms]
2024-09-06 23:55:38.250 [info] fatal: not a git repository (or any parent up to mount point /)
Stopping at filesystem boundary (GIT_DISCOVERY_ACROSS_FILESYSTEM not set).
2024-09-06 23:55:38.256 [info] > git rev-parse --show-toplevel [1ms]
2024-09-06 23:55:38.256 [info] fatal: not a git repository (or any parent up to mount point /)
Stopping at filesystem boundary (GIT_DISCOVERY_ACROSS_FILESYSTEM not set).
2024-09-06 23:55:38.260 [info] > git rev-parse --show-toplevel [1ms]
2024-09-06 23:55:38.260 [info] fatal: not a git repository (or any parent up to mount point /)
Stopping at filesystem boundary (GIT_DISCOVERY_ACROSS_FILESYSTEM not set).
2024-09-06 23:55:38.264 [info] > git rev-parse --show-toplevel [1ms]
2024-09-06 23:55:38.264 [info] fatal: not a git repository (or any parent up to mount point /)
Stopping at filesystem boundary (GIT_DISCOVERY_ACROSS_FILESYSTEM not set).
2024-09-06 23:55:38.268 [info] > git rev-parse --show-toplevel [2ms]
2024-09-06 23:55:38.268 [info] fatal: not a git repository (or any parent up to mount point /)
Stopping at filesystem boundary (GIT_DISCOVERY_ACROSS_FILESYSTEM not set).
2024-09-06 23:55:38.376 [info] > git rev-parse --show-toplevel [34ms]
2024-09-06 23:55:38.376 [info] fatal: not a git repository (or any parent up to mount point /)
Stopping at filesystem boundary (GIT_DISCOVERY_ACROSS_FILESYSTEM not set).
2024-09-06 23:55:38.387 [info] > git rev-parse --show-toplevel [5ms]
2024-09-06 23:55:38.387 [info] fatal: not a git repository (or any parent up to mount point /)
Stopping at filesystem boundary (GIT_DISCOVERY_ACROSS_FILESYSTEM not set).
2024-09-06 23:55:38.392 [info] > git rev-parse --show-toplevel [1ms]
2024-09-06 23:55:38.392 [info] fatal: not a git repository (or any parent up to mount point /)
Stopping at filesystem boundary (GIT_DISCOVERY_ACROSS_FILESYSTEM not set).
2024-09-06 23:55:38.396 [info] > git rev-parse --show-toplevel [1ms]
2024-09-06 23:55:38.396 [info] fatal: not a git repository (or any parent up to mount point /)
Stopping at filesystem boundary (GIT_DISCOVERY_ACROSS_FILESYSTEM not set).
2024-09-06 23:55:38.399 [info] > git rev-parse --show-toplevel [1ms]
2024-09-06 23:55:38.399 [info] fatal: not a git repository (or any parent up to mount point /)
Stopping at filesystem boundary (GIT_DISCOVERY_ACROSS_FILESYSTEM not set).
2024-09-06 23:55:38.403 [info] > git rev-parse --show-toplevel [1ms]
2024-09-06 23:55:38.403 [info] fatal: not a git repository (or any parent up to mount point /)
Stopping at filesystem boundary (GIT_DISCOVERY_ACROSS_FILESYSTEM not set).
2024-09-06 23:55:38.407 [info] > git rev-parse --show-toplevel [1ms]
2024-09-06 23:55:38.407 [info] fatal: not a git repository (or any parent up to mount point /)
Stopping at filesystem boundary (GIT_DISCOVERY_ACROSS_FILESYSTEM not set).
2024-09-06 23:55:38.411 [info] > git rev-parse --show-toplevel [1ms]
2024-09-06 23:55:38.411 [info] fatal: not a git repository (or any parent up to mount point /)
Stopping at filesystem boundary (GIT_DISCOVERY_ACROSS_FILESYSTEM not set).
2024-09-06 23:55:38.414 [info] > git rev-parse --show-toplevel [0ms]
2024-09-06 23:55:38.415 [info] fatal: not a git repository (or any parent up to mount point /)
Stopping at filesystem boundary (GIT_DISCOVERY_ACROSS_FILESYSTEM not set).
2024-09-06 23:55:38.418 [info] > git rev-parse --show-toplevel [1ms]
2024-09-06 23:55:38.418 [info] fatal: not a git repository (or any parent up to mount point /)
Stopping at filesystem boundary (GIT_DISCOVERY_ACROSS_FILESYSTEM not set).
2024-09-06 23:55:38.422 [info] > git rev-parse --show-toplevel [1ms]
2024-09-06 23:55:38.422 [info] fatal: not a git repository (or any parent up to mount point /)
Stopping at filesystem boundary (GIT_DISCOVERY_ACROSS_FILESYSTEM not set).
2024-09-06 23:55:38.426 [info] > git rev-parse --show-toplevel [1ms]
2024-09-06 23:55:38.426 [info] fatal: not a git repository (or any parent up to mount point /)
Stopping at filesystem boundary (GIT_DISCOVERY_ACROSS_FILESYSTEM not set).
2024-09-06 23:55:38.430 [info] > git rev-parse --show-toplevel [1ms]
2024-09-06 23:55:38.430 [info] fatal: not a git repository (or any parent up to mount point /)
Stopping at filesystem boundary (GIT_DISCOVERY_ACROSS_FILESYSTEM not set).
2024-09-06 23:55:38.434 [info] > git rev-parse --show-toplevel [1ms]
2024-09-06 23:55:38.434 [info] fatal: not a git repository (or any parent up to mount point /)
Stopping at filesystem boundary (GIT_DISCOVERY_ACROSS_FILESYSTEM not set).
2024-09-06 23:55:38.438 [info] > git rev-parse --show-toplevel [1ms]
2024-09-06 23:55:38.438 [info] fatal: not a git repository (or any parent up to mount point /)
Stopping at filesystem boundary (GIT_DISCOVERY_ACROSS_FILESYSTEM not set).
2024-09-06 23:55:38.441 [info] > git rev-parse --show-toplevel [1ms]
2024-09-06 23:55:38.441 [info] fatal: not a git repository (or any parent up to mount point /)
Stopping at filesystem boundary (GIT_DISCOVERY_ACROSS_FILESYSTEM not set).
2024-09-06 23:55:38.444 [info] > git rev-parse --show-toplevel [0ms]
2024-09-06 23:55:38.444 [info] fatal: not a git repository (or any parent up to mount point /)
Stopping at filesystem boundary (GIT_DISCOVERY_ACROSS_FILESYSTEM not set).
2024-09-06 23:55:38.448 [info] > git rev-parse --show-toplevel [0ms]
2024-09-06 23:55:38.448 [info] fatal: not a git repository (or any parent up to mount point /)
Stopping at filesystem boundary (GIT_DISCOVERY_ACROSS_FILESYSTEM not set).
2024-09-06 23:55:38.451 [info] > git rev-parse --show-toplevel [1ms]
2024-09-06 23:55:38.451 [info] fatal: not a git repository (or any parent up to mount point /)
Stopping at filesystem boundary (GIT_DISCOVERY_ACROSS_FILESYSTEM not set).
2024-09-06 23:55:38.454 [info] > git rev-parse --show-toplevel [1ms]
2024-09-06 23:55:38.454 [info] fatal: not a git repository (or any parent up to mount point /)
Stopping at filesystem boundary (GIT_DISCOVERY_ACROSS_FILESYSTEM not set).
2024-09-06 23:55:38.457 [info] > git rev-parse --show-toplevel [1ms]
2024-09-06 23:55:38.457 [info] fatal: not a git repository (or any parent up to mount point /)
Stopping at filesystem boundary (GIT_DISCOVERY_ACROSS_FILESYSTEM not set).
2024-09-06 23:55:38.460 [info] > git rev-parse --show-toplevel [1ms]
2024-09-06 23:55:38.464 [info] > git rev-parse --git-dir --git-common-dir [1ms]
2024-09-06 23:55:38.470 [info] [Model][openRepository] Opened repository: /home/offlinebot/dotfiles
2024-09-06 23:55:38.477 [info] > git config --get commit.template [4ms]
2024-09-06 23:55:38.477 [info] > git rev-parse --show-toplevel [1ms]
2024-09-06 23:55:38.477 [info] fatal: not a git repository (or any parent up to mount point /)
Stopping at filesystem boundary (GIT_DISCOVERY_ACROSS_FILESYSTEM not set).
2024-09-06 23:55:38.483 [info] > git for-each-ref --format=%(refname)%00%(upstream:short)%00%(objectname)%00%(upstream:track)%00%(upstream:remotename)%00%(upstream:remoteref) refs/heads/main refs/remotes/main [3ms]
2024-09-06 23:55:38.487 [info] > git rev-parse --show-toplevel [4ms]
2024-09-06 23:55:38.487 [info] fatal: not a git repository (or any parent up to mount point /)
Stopping at filesystem boundary (GIT_DISCOVERY_ACROSS_FILESYSTEM not set).
2024-09-06 23:55:38.488 [info] [Model][doInitialScan] Initial repository scan completed - repositories (1), closed repositories (0), parent repositories (0), unsafe repositories (0)
2024-09-06 23:55:38.497 [info] > git rev-parse --show-toplevel [4ms]
2024-09-06 23:55:38.497 [info] fatal: not a git repository (or any parent up to mount point /)
Stopping at filesystem boundary (GIT_DISCOVERY_ACROSS_FILESYSTEM not set).
2024-09-06 23:55:38.513 [info] > git status -z -uall [16ms]
2024-09-06 23:55:38.522 [info] > git for-each-ref --format=%(refname)%00%(upstream:short)%00%(objectname)%00%(upstream:track)%00%(upstream:remotename)%00%(upstream:remoteref) refs/heads/main refs/remotes/main [6ms]
2024-09-06 23:55:38.525 [info] > git config --get commit.template [3ms]
2024-09-06 23:55:38.527 [info] > git config --local branch.main.vscode-merge-base [2ms]
2024-09-06 23:55:38.527 [warning] [Git][config] git config failed: Failed to execute git
2024-09-06 23:55:38.539 [info] > git reflog main --grep-reflog=branch: Created from *. [10ms]
2024-09-06 23:55:38.546 [info] > git symbolic-ref --short refs/remotes/origin/HEAD [4ms]
2024-09-06 23:55:38.546 [info] fatal: ref refs/remotes/origin/HEAD is not a symbolic ref
2024-09-06 23:55:38.549 [info] > git for-each-ref --format=%(refname)%00%(upstream:short)%00%(objectname)%00%(upstream:track)%00%(upstream:remotename)%00%(upstream:remoteref) refs/heads/main refs/remotes/main [10ms]
2024-09-06 23:55:38.550 [info] > git merge-base refs/heads/main refs/remotes/origin/main [1ms]
2024-09-06 23:55:38.556 [info] > git rev-list --count --left-right refs/heads/main...refs/remotes/origin/main [3ms]
2024-09-06 23:55:38.560 [info] > git diff --name-status -z --diff-filter=ADMR 2c2ea6010fc65495cd6d214e3df8ae34531eba2e...refs/remotes/origin/main [1ms]
2024-09-06 23:55:38.575 [info] > git status -z -uall [20ms]
2024-09-06 23:55:38.580 [info] > git for-each-ref --format=%(refname)%00%(upstream:short)%00%(objectname)%00%(upstream:track)%00%(upstream:remotename)%00%(upstream:remoteref) refs/heads/main refs/remotes/main [2ms]
2024-09-06 23:55:38.585 [info] > git config --local branch.main.vscode-merge-base [2ms]
2024-09-06 23:55:38.585 [warning] [Git][config] git config failed: Failed to execute git
2024-09-06 23:55:38.589 [info] > git reflog main --grep-reflog=branch: Created from *. [1ms]
2024-09-06 23:55:38.593 [info] > git symbolic-ref --short refs/remotes/origin/HEAD [1ms]
2024-09-06 23:55:38.593 [info] fatal: ref refs/remotes/origin/HEAD is not a symbolic ref
2024-09-06 23:55:38.990 [info] > git check-ignore -v -z --stdin [2ms]
2024-09-06 23:55:40.256 [info] > git rev-parse --show-toplevel [1ms]
2024-09-06 23:55:40.256 [info] fatal: not a git repository (or any parent up to mount point /)
Stopping at filesystem boundary (GIT_DISCOVERY_ACROSS_FILESYSTEM not set).
