2024-09-06 23:41:48.753 [info] [main] Log level: Info
2024-09-06 23:41:48.753 [info] [main] Validating found git in: "git"
2024-09-06 23:41:48.753 [info] [main] Using git "2.46.0" from "git"
2024-09-06 23:41:48.753 [info] [Model][doInitialScan] Initial repository scan started
2024-09-06 23:41:48.753 [info] > git rev-parse --show-toplevel [4ms]
2024-09-06 23:41:48.753 [info] > git rev-parse --path-format=relative --show-toplevel [67ms]
2024-09-06 23:41:48.753 [info] > git rev-parse --git-dir --git-common-dir [5ms]
2024-09-06 23:41:48.753 [info] [Model][openRepository] Opened repository: /home/offlinebot/.config/ags
2024-09-06 23:41:48.763 [info] > git rev-parse --show-toplevel [2ms]
2024-09-06 23:41:48.766 [info] > git config --get commit.template [7ms]
2024-09-06 23:41:48.768 [info] > git rev-parse --path-format=relative --show-toplevel [3ms]
2024-09-06 23:41:48.778 [info] > git for-each-ref --format=%(refname)%00%(upstream:short)%00%(objectname)%00%(upstream:track)%00%(upstream:remotename)%00%(upstream:remoteref) refs/heads/main refs/remotes/main [3ms]
2024-09-06 23:41:48.779 [info] > git rev-parse --show-toplevel [1ms]
2024-09-06 23:41:48.784 [info] > git rev-parse --path-format=relative --show-toplevel [3ms]
2024-09-06 23:41:48.790 [info] > git status -z -uall [3ms]
2024-09-06 23:41:48.800 [info] > git for-each-ref --format=%(refname)%00%(upstream:short)%00%(objectname)%00%(upstream:track)%00%(upstream:remotename)%00%(upstream:remoteref) refs/heads/main refs/remotes/main [6ms]
2024-09-06 23:41:48.803 [info] > git rev-parse --show-toplevel [13ms]
2024-09-06 23:41:48.806 [info] > git rev-parse --path-format=relative --show-toplevel [1ms]
2024-09-06 23:41:48.807 [info] > git config --local branch.main.vscode-merge-base [4ms]
2024-09-06 23:41:48.807 [warning] [Git][config] git config failed: Failed to execute git
2024-09-06 23:41:48.809 [info] > git config --get commit.template [10ms]
2024-09-06 23:41:48.822 [info] > git rev-parse --show-toplevel [10ms]
2024-09-06 23:41:48.825 [info] > git reflog main --grep-reflog=branch: Created from *. [16ms]
2024-09-06 23:41:48.833 [info] > git symbolic-ref --short refs/remotes/origin/HEAD [5ms]
2024-09-06 23:41:48.833 [info] fatal: ref refs/remotes/origin/HEAD is not a symbolic ref
2024-09-06 23:41:48.836 [info] > git rev-parse --path-format=relative --show-toplevel [11ms]
2024-09-06 23:41:48.836 [info] [Model][doInitialScan] Initial repository scan completed - repositories (1), closed repositories (0), parent repositories (0), unsafe repositories (0)
2024-09-06 23:41:48.836 [info] > git for-each-ref --format=%(refname)%00%(upstream:short)%00%(objectname)%00%(upstream:track)%00%(upstream:remotename)%00%(upstream:remoteref) refs/heads/main refs/remotes/main [15ms]
2024-09-06 23:41:48.837 [info] > git merge-base refs/heads/main refs/remotes/origin/main [2ms]
2024-09-06 23:41:48.844 [info] > git rev-list --count --left-right refs/heads/main...refs/remotes/origin/main [4ms]
2024-09-06 23:41:48.848 [info] > git status -z -uall [5ms]
2024-09-06 23:41:48.848 [info] > git diff --name-status -z --diff-filter=ADMR c0be83562939de0e4dd7f18bcee3e73a33d78866...refs/remotes/origin/main [2ms]
2024-09-06 23:41:48.853 [info] > git for-each-ref --format=%(refname)%00%(upstream:short)%00%(objectname)%00%(upstream:track)%00%(upstream:remotename)%00%(upstream:remoteref) refs/heads/main refs/remotes/main [1ms]
2024-09-06 23:41:48.856 [info] > git config --local branch.main.vscode-merge-base [1ms]
2024-09-06 23:41:48.856 [warning] [Git][config] git config failed: Failed to execute git
2024-09-06 23:41:48.859 [info] > git reflog main --grep-reflog=branch: Created from *. [1ms]
2024-09-06 23:41:48.862 [info] > git symbolic-ref --short refs/remotes/origin/HEAD [1ms]
2024-09-06 23:41:48.862 [info] fatal: ref refs/remotes/origin/HEAD is not a symbolic ref
2024-09-06 23:41:49.276 [info] > git check-ignore -v -z --stdin [1ms]
