2024-09-05 21:22:51.200 [info] Configuration changed
2024-09-05 21:24:04.148 [info] Configuration changed
2024-09-05 21:24:04.241 [info] Configuration changed
2024-09-05 21:24:06.044 [info] /home/offlinebot/.config/Code/User/settings.json closed
2024-09-05 21:24:06.048 [info] Configuration changed
2024-09-05 21:24:16.210 [info] /home/offlinebot/.config/Code/User/settings.json closed
2024-09-05 21:24:16.241 [info] Configuration changed
2024-09-05 21:24:17.579 [info] /home/offlinebot/.config/Code/User/settings.json closed
2024-09-05 21:24:17.601 [info] Configuration changed
2024-09-05 21:24:27.864 [info] Active editor: vscode-userdata:/home/offlinebot/.config/Code/User/settings.json
2024-09-05 21:24:28.369 [info] Configuration changed
2024-09-05 21:24:32.310 [info] Executing :w
2024-09-05 21:25:07.100 [info] Executing :w
2024-09-05 21:25:07.365 [info] Configuration changed
2024-09-05 21:25:12.617 [info] Configuration changed
2024-09-05 21:25:13.275 [info] Executing :w
2024-09-05 21:25:13.817 [info] Executing :w
2024-09-05 21:25:31.099 [info] Executing :w
2024-09-05 21:25:31.467 [info] Configuration changed
2024-09-05 21:25:39.384 [info] Executing :w
2024-09-05 21:25:39.640 [info] Configuration changed
2024-09-05 21:25:44.781 [info] Configuration changed
2024-09-05 21:26:10.414 [info] Active editor: vscode-userdata:/home/offlinebot/.config/Code/User/settings.json
2024-09-05 21:26:14.066 [info] Active editor: file:///home/offlinebot/.config/ags/windows/quick_menu/quick_menu.js
2024-09-05 21:27:04.285 [info] /home/offlinebot/.config/ags/windows/quick_menu/quick_menu.js closed
2024-09-05 21:27:04.300 [info] Active editor: vscode-userdata:/home/offlinebot/.config/Code/User/settings.json
2024-09-05 21:27:48.818 [info] Active editor: file:///home/offlinebot/.config/ags/windows/quick_menu/quick_menu.js
2024-09-05 21:27:52.886 [info] Executing :w
2024-09-05 21:27:59.141 [info] /home/offlinebot/.config/ags/windows/quick_menu/quick_menu.js closed
2024-09-05 21:27:59.171 [info] Active editor: file:///home/offlinebot/.config/ags/windows/menu/menu.js
2024-09-05 21:28:05.898 [info] Active editor: file:///home/offlinebot/.config/ags/windows/stats/stats.js
2024-09-05 21:28:06.812 [info] Executing :w
2024-09-05 21:28:07.797 [info] Executing :w
2024-09-05 21:28:08.672 [info] Executing :w
2024-09-05 21:28:09.952 [info] Active editor: file:///home/offlinebot/.config/ags/windows/menu/menu.js
2024-09-05 21:28:11.475 [info] Executing :w
2024-09-05 21:28:12.938 [info] Executing :w
2024-09-05 21:28:13.911 [info] Active editor: file:///home/offlinebot/.config/ags/windows/stats/stats.js
2024-09-05 21:28:21.194 [info] Executing :w
2024-09-05 21:28:35.713 [info] Executing :w
2024-09-05 21:28:41.698 [info] Executing :w
2024-09-05 21:28:42.565 [info] Executing :w
2024-09-05 22:10:07.254 [info] Executing :w
2024-09-05 22:10:54.045 [info] Executing :w
2024-09-05 22:11:13.929 [info] Executing :w
2024-09-05 22:12:20.260 [info] Executing :w
2024-09-05 22:12:26.080 [info] Executing :w
2024-09-05 22:12:36.155 [info] Executing :w
2024-09-05 22:12:37.108 [info] Executing :w
2024-09-05 22:12:38.424 [info] Executing :w
2024-09-05 22:12:46.206 [info] Executing :w
2024-09-05 22:13:32.682 [info] Executing :w
2024-09-05 22:13:37.343 [info] Executing :w
2024-09-05 22:14:44.937 [info] Executing :w
2024-09-05 22:16:00.007 [info] Executing :w
2024-09-05 22:16:10.770 [info] Executing :w
2024-09-05 22:16:12.481 [info] Executing :w
2024-09-05 22:16:26.614 [info] Executing :w
2024-09-05 22:16:28.115 [info] Executing :w
2024-09-05 22:16:29.309 [info] Executing :w
2024-09-05 22:16:43.125 [info] Executing :w
2024-09-05 22:16:51.692 [info] Executing :w
2024-09-05 22:16:56.644 [info] Executing :w
2024-09-05 22:17:14.115 [info] Executing :w
2024-09-05 22:17:15.537 [info] Executing :w
2024-09-05 22:17:21.962 [info] Executing :w
2024-09-05 22:17:27.775 [info] Executing :w
2024-09-05 22:17:36.128 [info] Executing :w
2024-09-05 22:17:37.392 [info] Executing :w
2024-09-05 22:17:38.417 [info] Executing :w
2024-09-05 22:17:39.725 [info] Executing :w
2024-09-05 22:17:40.459 [info] Executing :w
2024-09-05 22:17:41.987 [info] Executing :w
2024-09-05 22:17:55.316 [info] Executing :w
2024-09-05 22:18:12.018 [info] Executing :w
2024-09-05 22:18:13.731 [info] Executing :w
