2024-09-07 08:19:17.104 [info] Experiment 'pythonRecommendTensorboardExt' is active
2024-09-07 08:19:17.104 [info] Experiment 'pythonTerminalEnvVarActivation' is active
2024-09-07 08:19:17.104 [info] Experiment 'pythonTestAdapter' is active
2024-09-07 08:19:17.114 [warning] Dir "/home/offlinebot/Coding/py/.pixi/envs" is not watchable (directory does not exist)
2024-09-07 08:19:17.146 [info] Default formatter is set to null for workspace /home/offlinebot/Coding/py
2024-09-07 08:19:17.153 [info] Starting Environment refresh
2024-09-07 08:19:17.153 [info] Searching for interpreters in posix paths locator
2024-09-07 08:19:17.156 [info] Searching for pyenv environments
2024-09-07 08:19:17.156 [info] Searching for conda environments
2024-09-07 08:19:17.157 [info] Searching for global virtual environments
2024-09-07 08:19:17.157 [info] Searching for custom virtual environments
2024-09-07 08:19:17.162 [info] pyenv is not installed
2024-09-07 08:19:17.162 [info] Finished searching for pyenv environments: 8 milliseconds
2024-09-07 08:19:17.162 [info] Finished searching for custom virtual envs: 8 milliseconds
2024-09-07 08:19:17.167 [info] > conda info --json
2024-09-07 08:19:17.172 [info] > pixi --version
2024-09-07 08:19:17.175 [info] > hatch env show --json
2024-09-07 08:19:17.175 [info] cwd: .
2024-09-07 08:19:17.473 [info] > pyenv which python
2024-09-07 08:19:17.473 [info] cwd: .
2024-09-07 08:19:17.473 [info] Finished searching for global virtual envs: 319 milliseconds
2024-09-07 08:19:17.479 [info] > /usr/share/anaconda/bin/conda info --json
2024-09-07 08:19:17.503 [info] Found: /bin/python --> /bin/python3.12
2024-09-07 08:19:17.504 [info] Found: /bin/python2 --> /bin/python2.7
2024-09-07 08:19:17.507 [info] Found: /bin/python2.7 --> /bin/python2.7
2024-09-07 08:19:17.508 [info] Found: /bin/python3 --> /bin/python3.12
2024-09-07 08:19:17.508 [info] Found: /bin/python3.12 --> /bin/python3.12
2024-09-07 08:19:17.521 [info] Found: /usr/bin/python --> /usr/bin/python3.12
2024-09-07 08:19:17.522 [info] Found: /usr/bin/python2 --> /usr/bin/python2.7
2024-09-07 08:19:17.522 [info] Found: /usr/bin/python2.7 --> /usr/bin/python2.7
2024-09-07 08:19:17.522 [info] Found: /usr/bin/python3 --> /usr/bin/python3.12
2024-09-07 08:19:17.522 [info] Found: /usr/bin/python3.12 --> /usr/bin/python3.12
2024-09-07 08:19:17.541 [info] > /bin/python -I ~/.vscode/extensions/ms-python.python-2024.14.0-linux-x64/python_files/get_output_via_markers.py ~/.vscode/extensions/ms-python.python-2024.14.0-linux-x64/python_files/interpreterInfo.py
2024-09-07 08:19:17.548 [info] > /bin/python2 -I ~/.vscode/extensions/ms-python.python-2024.14.0-linux-x64/python_files/get_output_via_markers.py ~/.vscode/extensions/ms-python.python-2024.14.0-linux-x64/python_files/interpreterInfo.py
2024-09-07 08:19:17.550 [warning] [Error: Command failed: /bin/python2 -I /home/offlinebot/.vscode/extensions/ms-python.python-2024.14.0-linux-x64/python_files/get_output_via_markers.py /home/offlinebot/.vscode/extensions/ms-python.python-2024.14.0-linux-x64/python_files/interpreterInfo.py
Unknown option: -I
usage: /bin/python2 [option] ... [-c cmd | -m mod | file | -] [arg] ...
Try `python -h' for more information.

	at genericNodeError (node:internal/errors:984:15)
	at wrappedFn (node:internal/errors:538:14)
	at ChildProcess.exithandler (node:child_process:423:12)
	at ChildProcess.emit (node:events:531:35)
	at maybeClose (node:internal/child_process:1105:16)
	at Socket.<anonymous> (node:internal/child_process:457:11)
	at Socket.emit (node:events:519:28)
	at Pipe.<anonymous> (node:net:338:12)] {
  code: 2,
  killed: false,
  signal: null,
  cmd: '/bin/python2 -I /home/offlinebot/.vscode/extensions/ms-python.python-2024.14.0-linux-x64/python_files/get_output_via_markers.py /home/offlinebot/.vscode/extensions/ms-python.python-2024.14.0-linux-x64/python_files/interpreterInfo.py'
}
2024-09-07 08:19:17.550 [error] Support for Python 2.7 has been dropped by the Python extension so certain features may not work, upgrade to using Python 3.
2024-09-07 08:19:17.553 [info] > /bin/python2 ~/.vscode/extensions/ms-python.python-2024.14.0-linux-x64/python_files/get_output_via_markers.py ~/.vscode/extensions/ms-python.python-2024.14.0-linux-x64/python_files/interpreterInfo.py
2024-09-07 08:19:17.557 [info] Finished searching for interpreters in posix paths locator: 403 milliseconds
2024-09-07 08:19:17.557 [info] > /usr/bin/python -I ~/.vscode/extensions/ms-python.python-2024.14.0-linux-x64/python_files/get_output_via_markers.py ~/.vscode/extensions/ms-python.python-2024.14.0-linux-x64/python_files/interpreterInfo.py
2024-09-07 08:19:17.560 [info] Environments refresh paths discovered (event): 409 milliseconds
2024-09-07 08:19:17.560 [info] Environments refresh paths discovered: 409 milliseconds
2024-09-07 08:19:17.568 [info] > /usr/bin/python2 -I ~/.vscode/extensions/ms-python.python-2024.14.0-linux-x64/python_files/get_output_via_markers.py ~/.vscode/extensions/ms-python.python-2024.14.0-linux-x64/python_files/interpreterInfo.py
2024-09-07 08:19:17.570 [warning] [Error: Command failed: /usr/bin/python2 -I /home/offlinebot/.vscode/extensions/ms-python.python-2024.14.0-linux-x64/python_files/get_output_via_markers.py /home/offlinebot/.vscode/extensions/ms-python.python-2024.14.0-linux-x64/python_files/interpreterInfo.py
Unknown option: -I
usage: /usr/bin/python2 [option] ... [-c cmd | -m mod | file | -] [arg] ...
Try `python -h' for more information.

	at genericNodeError (node:internal/errors:984:15)
	at wrappedFn (node:internal/errors:538:14)
	at ChildProcess.exithandler (node:child_process:423:12)
	at ChildProcess.emit (node:events:531:35)
	at maybeClose (node:internal/child_process:1105:16)
	at Socket.<anonymous> (node:internal/child_process:457:11)
	at Socket.emit (node:events:519:28)
	at Pipe.<anonymous> (node:net:338:12)] {
  code: 2,
  killed: false,
  signal: null,
  cmd: '/usr/bin/python2 -I /home/offlinebot/.vscode/extensions/ms-python.python-2024.14.0-linux-x64/python_files/get_output_via_markers.py /home/offlinebot/.vscode/extensions/ms-python.python-2024.14.0-linux-x64/python_files/interpreterInfo.py'
}
2024-09-07 08:19:17.570 [error] Support for Python 2.7 has been dropped by the Python extension so certain features may not work, upgrade to using Python 3.
2024-09-07 08:19:17.573 [info] > /usr/bin/python2 ~/.vscode/extensions/ms-python.python-2024.14.0-linux-x64/python_files/get_output_via_markers.py ~/.vscode/extensions/ms-python.python-2024.14.0-linux-x64/python_files/interpreterInfo.py
2024-09-07 08:19:17.587 [info] Environments refresh finished (event): 436 milliseconds
2024-09-07 08:19:17.591 [info] Environment refresh took 440 milliseconds
2024-09-07 08:19:17.594 [warning] could not find a pixi interpreter for the interpreter at /bin/python
2024-09-07 08:19:17.603 [info] Python interpreter path: /bin/python
2024-09-07 08:19:17.606 [warning] could not find a pixi interpreter for the interpreter at /bin/python
2024-09-07 08:19:17.624 [info] > /usr/bin/python2.7 -I ~/.vscode/extensions/ms-python.python-2024.14.0-linux-x64/python_files/get_output_via_markers.py ~/.vscode/extensions/ms-python.python-2024.14.0-linux-x64/python_files/interpreterInfo.py
2024-09-07 08:19:17.629 [info] > /usr/bin/python3.12 -I ~/.vscode/extensions/ms-python.python-2024.14.0-linux-x64/python_files/get_output_via_markers.py ~/.vscode/extensions/ms-python.python-2024.14.0-linux-x64/python_files/interpreterInfo.py
2024-09-07 08:19:17.682 [info] > /bin/python2.7 -I ~/.vscode/extensions/ms-python.python-2024.14.0-linux-x64/python_files/get_output_via_markers.py ~/.vscode/extensions/ms-python.python-2024.14.0-linux-x64/python_files/interpreterInfo.py
2024-09-07 08:19:17.687 [info] > /bin/python3.12 -I ~/.vscode/extensions/ms-python.python-2024.14.0-linux-x64/python_files/get_output_via_markers.py ~/.vscode/extensions/ms-python.python-2024.14.0-linux-x64/python_files/interpreterInfo.py
2024-09-07 08:19:17.693 [info] > /usr/bin/python3 -I ~/.vscode/extensions/ms-python.python-2024.14.0-linux-x64/python_files/get_output_via_markers.py ~/.vscode/extensions/ms-python.python-2024.14.0-linux-x64/python_files/interpreterInfo.py
2024-09-07 08:19:17.694 [warning] [Error: Command failed: /usr/bin/python2.7 -I /home/offlinebot/.vscode/extensions/ms-python.python-2024.14.0-linux-x64/python_files/get_output_via_markers.py /home/offlinebot/.vscode/extensions/ms-python.python-2024.14.0-linux-x64/python_files/interpreterInfo.py
Unknown option: -I
usage: /usr/bin/python2.7 [option] ... [-c cmd | -m mod | file | -] [arg] ...
Try `python -h' for more information.

	at genericNodeError (node:internal/errors:984:15)
	at wrappedFn (node:internal/errors:538:14)
	at ChildProcess.exithandler (node:child_process:423:12)
	at ChildProcess.emit (node:events:531:35)
	at maybeClose (node:internal/child_process:1105:16)
	at Socket.<anonymous> (node:internal/child_process:457:11)
	at Socket.emit (node:events:519:28)
	at Pipe.<anonymous> (node:net:338:12)] {
  code: 2,
  killed: false,
  signal: null,
  cmd: '/usr/bin/python2.7 -I /home/offlinebot/.vscode/extensions/ms-python.python-2024.14.0-linux-x64/python_files/get_output_via_markers.py /home/offlinebot/.vscode/extensions/ms-python.python-2024.14.0-linux-x64/python_files/interpreterInfo.py'
}
2024-09-07 08:19:17.694 [error] Support for Python 2.7 has been dropped by the Python extension so certain features may not work, upgrade to using Python 3.
2024-09-07 08:19:17.697 [info] > /usr/bin/python2.7 ~/.vscode/extensions/ms-python.python-2024.14.0-linux-x64/python_files/get_output_via_markers.py ~/.vscode/extensions/ms-python.python-2024.14.0-linux-x64/python_files/interpreterInfo.py
2024-09-07 08:19:17.697 [warning] [Error: Command failed: /bin/python2.7 -I /home/offlinebot/.vscode/extensions/ms-python.python-2024.14.0-linux-x64/python_files/get_output_via_markers.py /home/offlinebot/.vscode/extensions/ms-python.python-2024.14.0-linux-x64/python_files/interpreterInfo.py
Unknown option: -I
usage: /bin/python2.7 [option] ... [-c cmd | -m mod | file | -] [arg] ...
Try `python -h' for more information.

	at genericNodeError (node:internal/errors:984:15)
	at wrappedFn (node:internal/errors:538:14)
	at ChildProcess.exithandler (node:child_process:423:12)
	at ChildProcess.emit (node:events:531:35)
	at maybeClose (node:internal/child_process:1105:16)
	at Socket.<anonymous> (node:internal/child_process:457:11)
	at Socket.emit (node:events:519:28)
	at Pipe.<anonymous> (node:net:338:12)] {
  code: 2,
  killed: false,
  signal: null,
  cmd: '/bin/python2.7 -I /home/offlinebot/.vscode/extensions/ms-python.python-2024.14.0-linux-x64/python_files/get_output_via_markers.py /home/offlinebot/.vscode/extensions/ms-python.python-2024.14.0-linux-x64/python_files/interpreterInfo.py'
}
2024-09-07 08:19:17.697 [error] Support for Python 2.7 has been dropped by the Python extension so certain features may not work, upgrade to using Python 3.
2024-09-07 08:19:17.701 [info] > /bin/python2.7 ~/.vscode/extensions/ms-python.python-2024.14.0-linux-x64/python_files/get_output_via_markers.py ~/.vscode/extensions/ms-python.python-2024.14.0-linux-x64/python_files/interpreterInfo.py
2024-09-07 08:19:17.716 [info] > /bin/python3 -I ~/.vscode/extensions/ms-python.python-2024.14.0-linux-x64/python_files/get_output_via_markers.py ~/.vscode/extensions/ms-python.python-2024.14.0-linux-x64/python_files/interpreterInfo.py
2024-09-07 08:19:18.585 [info] Starting Pylance language server.
2024-09-07 08:23:47.218 [info] Discover tests for workspace name: py - uri: /home/offlinebot/Coding/py/program.py
2024-09-07 08:23:51.827 [info] Discover tests for workspace name: py - uri: /home/offlinebot/Coding/py/program.py
2024-09-07 08:24:42.372 [info] Discover tests for workspace name: py - uri: /home/offlinebot/Coding/py/program.py
2024-09-07 08:24:55.136 [info] Discover tests for workspace name: py - uri: /home/offlinebot/Coding/py/program.py
2024-09-07 08:25:03.746 [info] Discover tests for workspace name: py - uri: /home/offlinebot/Coding/py/program.py
2024-09-07 08:25:40.126 [info] Discover tests for workspace name: py - uri: /home/offlinebot/Coding/py/program.py
2024-09-07 08:26:02.483 [info] Discover tests for workspace name: py - uri: /home/offlinebot/Coding/py/program.py
2024-09-07 08:26:23.459 [info] Discover tests for workspace name: py - uri: /home/offlinebot/Coding/py/program.py
2024-09-07 08:26:38.415 [info] Discover tests for workspace name: py - uri: /home/offlinebot/Coding/py/program.py
2024-09-07 08:26:44.832 [info] Discover tests for workspace name: py - uri: /home/offlinebot/Coding/py/program.py
2024-09-07 08:27:02.777 [info] Discover tests for workspace name: py - uri: /home/offlinebot/Coding/py/program.py
2024-09-07 08:27:09.463 [info] Discover tests for workspace name: py - uri: /home/offlinebot/Coding/py/program.py
2024-09-07 08:27:20.619 [info] Discover tests for workspace name: py - uri: /home/offlinebot/Coding/py/program.py
2024-09-07 08:27:24.495 [info] Discover tests for workspace name: py - uri: /home/offlinebot/Coding/py/program.py
2024-09-07 08:27:34.454 [info] Discover tests for workspace name: py - uri: /home/offlinebot/Coding/py/program.py
2024-09-07 08:27:39.926 [info] Discover tests for workspace name: py - uri: /home/offlinebot/Coding/py/program.py
2024-09-07 08:27:43.492 [info] Discover tests for workspace name: py - uri: /home/offlinebot/Coding/py/program.py
2024-09-07 08:27:55.426 [info] Discover tests for workspace name: py - uri: /home/offlinebot/Coding/py/program.py
2024-09-07 08:28:05.511 [info] Discover tests for workspace name: py - uri: /home/offlinebot/Coding/py/program.py
2024-09-07 08:28:11.090 [info] Discover tests for workspace name: py - uri: /home/offlinebot/Coding/py/program.py
2024-09-07 08:28:26.919 [info] Discover tests for workspace name: py - uri: /home/offlinebot/Coding/py/program.py
2024-09-07 08:28:38.276 [info] Discover tests for workspace name: py - uri: /home/offlinebot/Coding/py/program.py
2024-09-07 08:29:01.360 [info] Discover tests for workspace name: py - uri: /home/offlinebot/Coding/py/program.py
2024-09-07 08:29:26.662 [info] Discover tests for workspace name: py - uri: /home/offlinebot/Coding/py/program.py
2024-09-07 08:29:47.942 [info] Discover tests for workspace name: py - uri: /home/offlinebot/Coding/py/program.py
2024-09-07 08:30:58.167 [info] Discover tests for workspace name: py - uri: /home/offlinebot/Coding/py/program.py
2024-09-07 08:31:04.320 [info] Discover tests for workspace name: py - uri: /home/offlinebot/Coding/py/program.py
2024-09-07 08:31:14.891 [info] Discover tests for workspace name: py - uri: /home/offlinebot/Coding/py/program.py
2024-09-07 08:31:19.259 [info] CreateEnv Trigger - Skipping for /home/offlinebot/Coding/py/program.py
2024-09-07 08:31:19.350 [info] Send text to terminal: /bin/python /home/offlinebot/Coding/py/program.py
2024-09-07 08:31:21.542 [info] Send text to terminal: /bin/python /home/offlinebot/Coding/py/program.py
2024-09-07 08:31:22.045 [info] Send text to terminal: /bin/python /home/offlinebot/Coding/py/program.py
2024-09-07 08:31:22.974 [info] Send text to terminal: /bin/python /home/offlinebot/Coding/py/program.py
2024-09-07 08:31:23.593 [info] Send text to terminal: /bin/python /home/offlinebot/Coding/py/program.py
2024-09-07 08:31:24.048 [info] Send text to terminal: /bin/python /home/offlinebot/Coding/py/program.py
2024-09-07 08:31:24.227 [info] Send text to terminal: /bin/python /home/offlinebot/Coding/py/program.py
2024-09-07 08:31:24.366 [info] Send text to terminal: /bin/python /home/offlinebot/Coding/py/program.py
2024-09-07 08:31:24.520 [info] Send text to terminal: /bin/python /home/offlinebot/Coding/py/program.py
2024-09-07 08:31:24.671 [info] Send text to terminal: /bin/python /home/offlinebot/Coding/py/program.py
2024-09-07 08:31:24.821 [info] Send text to terminal: /bin/python /home/offlinebot/Coding/py/program.py
2024-09-07 08:31:24.934 [info] Send text to terminal: /bin/python /home/offlinebot/Coding/py/program.py
2024-09-07 08:31:32.787 [info] Discover tests for workspace name: py - uri: /home/offlinebot/Coding/py/program.py
2024-09-07 08:31:51.527 [info] Discover tests for workspace name: py - uri: /home/offlinebot/Coding/py/program.py
2024-09-07 08:32:05.973 [info] Discover tests for workspace name: py - uri: /home/offlinebot/Coding/py/program.py
2024-09-07 08:32:15.073 [info] Discover tests for workspace name: py - uri: /home/offlinebot/Coding/py/program.py
2024-09-07 08:32:16.722 [info] Discover tests for workspace name: py - uri: /home/offlinebot/Coding/py/program.py
2024-09-07 08:32:18.106 [info] Discover tests for workspace name: py - uri: /home/offlinebot/Coding/py/program.py
2024-09-07 08:32:29.171 [info] Discover tests for workspace name: py - uri: /home/offlinebot/Coding/py/program.py
2024-09-07 08:32:51.972 [info] Discover tests for workspace name: py - uri: /home/offlinebot/Coding/py/program.py
2024-09-07 08:32:56.845 [info] Discover tests for workspace name: py - uri: /home/offlinebot/Coding/py/program.py
2024-09-07 08:33:04.840 [info] Discover tests for workspace name: py - uri: /home/offlinebot/Coding/py/program.py
2024-09-07 08:33:07.455 [info] Discover tests for workspace name: py - uri: /home/offlinebot/Coding/py/program.py
2024-09-07 08:34:43.396 [info] Discover tests for workspace name: py - uri: /home/offlinebot/Coding/py/program.py
2024-09-07 08:34:56.064 [info] Discover tests for workspace name: py - uri: /home/offlinebot/Coding/py/program.py
2024-09-07 08:38:01.333 [info] Discover tests for workspace name: py - uri: /home/offlinebot/Coding/py/program.py
2024-09-07 08:38:11.285 [info] Discover tests for workspace name: py - uri: /home/offlinebot/Coding/py/program.py
2024-09-07 08:38:17.289 [info] Discover tests for workspace name: py - uri: /home/offlinebot/Coding/py/program.py
2024-09-07 08:38:20.576 [info] Discover tests for workspace name: py - uri: /home/offlinebot/Coding/py/program.py
2024-09-07 08:38:27.731 [info] Discover tests for workspace name: py - uri: /home/offlinebot/Coding/py/program.py
2024-09-07 08:38:32.683 [info] Discover tests for workspace name: py - uri: /home/offlinebot/Coding/py/program.py
2024-09-07 08:38:35.584 [info] Discover tests for workspace name: py - uri: /home/offlinebot/Coding/py/program.py
2024-09-07 08:38:38.244 [info] Discover tests for workspace name: py - uri: /home/offlinebot/Coding/py/program.py
2024-09-07 08:39:01.841 [info] Discover tests for workspace name: py - uri: /home/offlinebot/Coding/py/program.py
2024-09-07 08:39:05.257 [info] Discover tests for workspace name: py - uri: /home/offlinebot/Coding/py/program.py
2024-09-07 08:39:06.158 [info] Discover tests for workspace name: py - uri: /home/offlinebot/Coding/py/program.py
2024-09-07 08:39:08.354 [info] Discover tests for workspace name: py - uri: /home/offlinebot/Coding/py/program.py
2024-09-07 08:39:15.516 [info] Discover tests for workspace name: py - uri: /home/offlinebot/Coding/py/program.py
2024-09-07 08:39:25.225 [info] Discover tests for workspace name: py - uri: /home/offlinebot/Coding/py/program.py
2024-09-07 08:39:35.454 [info] Discover tests for workspace name: py - uri: /home/offlinebot/Coding/py/program.py
2024-09-07 08:39:49.714 [info] Discover tests for workspace name: py - uri: /home/offlinebot/Coding/py/program.py
2024-09-07 08:40:02.077 [info] Discover tests for workspace name: py - uri: /home/offlinebot/Coding/py/program.py
2024-09-07 08:40:16.940 [info] Discover tests for workspace name: py - uri: /home/offlinebot/Coding/py/program.py
2024-09-07 08:40:26.390 [info] Discover tests for workspace name: py - uri: /home/offlinebot/Coding/py/program.py
2024-09-07 08:40:59.714 [info] Discover tests for workspace name: py - uri: /home/offlinebot/Coding/py/program.py
2024-09-07 08:41:04.359 [info] Discover tests for workspace name: py - uri: /home/offlinebot/Coding/py/program.py
2024-09-07 08:41:13.288 [info] Discover tests for workspace name: py - uri: /home/offlinebot/Coding/py/program.py
2024-09-07 08:41:14.538 [info] Discover tests for workspace name: py - uri: /home/offlinebot/Coding/py/program.py
2024-09-07 08:41:33.900 [info] Discover tests for workspace name: py - uri: /home/offlinebot/Coding/py/program.py
2024-09-07 08:41:48.529 [info] Discover tests for workspace name: py - uri: /home/offlinebot/Coding/py/program.py
2024-09-07 08:42:02.427 [info] Discover tests for workspace name: py - uri: /home/offlinebot/Coding/py/program.py
2024-09-07 08:42:13.800 [info] Discover tests for workspace name: py - uri: /home/offlinebot/Coding/py/program.py
2024-09-07 08:42:18.911 [info] Discover tests for workspace name: py - uri: /home/offlinebot/Coding/py/program.py
2024-09-07 08:42:23.416 [info] Discover tests for workspace name: py - uri: /home/offlinebot/Coding/py/program.py
2024-09-07 08:42:28.622 [info] Discover tests for workspace name: py - uri: /home/offlinebot/Coding/py/program.py
2024-09-07 08:42:48.112 [info] Discover tests for workspace name: py - uri: /home/offlinebot/Coding/py/program.py
2024-09-07 08:43:11.417 [info] Discover tests for workspace name: py - uri: /home/offlinebot/Coding/py/program.py
2024-09-07 08:44:14.298 [info] Discover tests for workspace name: py - uri: /home/offlinebot/Coding/py/program.py
2024-09-07 08:45:03.768 [info] Discover tests for workspace name: py - uri: /home/offlinebot/Coding/py/program.py
2024-09-07 08:45:07.541 [info] Discover tests for workspace name: py - uri: /home/offlinebot/Coding/py/program.py
2024-09-07 08:45:13.305 [info] Discover tests for workspace name: py - uri: /home/offlinebot/Coding/py/program.py
2024-09-07 08:45:20.808 [info] Discover tests for workspace name: py - uri: /home/offlinebot/Coding/py/program.py
2024-09-07 08:45:32.229 [info] Discover tests for workspace name: py - uri: /home/offlinebot/Coding/py/program.py
2024-09-07 08:45:52.035 [info] Discover tests for workspace name: py - uri: /home/offlinebot/Coding/py/program.py
2024-09-07 08:45:52.925 [info] Discover tests for workspace name: py - uri: /home/offlinebot/Coding/py/program.py
2024-09-07 08:45:54.846 [info] Discover tests for workspace name: py - uri: /home/offlinebot/Coding/py/program.py
2024-09-07 08:46:13.008 [info] Discover tests for workspace name: py - uri: /home/offlinebot/Coding/py/program.py
2024-09-07 08:46:16.548 [info] Discover tests for workspace name: py - uri: /home/offlinebot/Coding/py/program.py
2024-09-07 08:46:21.634 [info] Discover tests for workspace name: py - uri: /home/offlinebot/Coding/py/program.py
2024-09-07 08:46:28.610 [info] Discover tests for workspace name: py - uri: /home/offlinebot/Coding/py/program.py
2024-09-07 08:46:30.253 [info] Send text to terminal: /bin/python /home/offlinebot/Coding/py/program.py
2024-09-07 08:47:33.185 [info] Discover tests for workspace name: py - uri: /home/offlinebot/Coding/py/program.py
2024-09-07 08:47:36.639 [info] Discover tests for workspace name: py - uri: /home/offlinebot/Coding/py/program.py
2024-09-07 08:47:37.984 [info] Discover tests for workspace name: py - uri: /home/offlinebot/Coding/py/program.py
2024-09-07 08:47:41.212 [info] Discover tests for workspace name: py - uri: /home/offlinebot/Coding/py/program.py
2024-09-07 08:47:52.000 [info] Discover tests for workspace name: py - uri: /home/offlinebot/Coding/py/program.py
2024-09-07 08:47:57.263 [info] Discover tests for workspace name: py - uri: /home/offlinebot/Coding/py/program.py
2024-09-07 08:48:03.597 [info] Discover tests for workspace name: py - uri: /home/offlinebot/Coding/py/program.py
2024-09-07 08:48:07.738 [info] Discover tests for workspace name: py - uri: /home/offlinebot/Coding/py/program.py
2024-09-07 08:48:08.506 [info] Discover tests for workspace name: py - uri: /home/offlinebot/Coding/py/program.py
2024-09-07 08:48:09.944 [info] Send text to terminal: /bin/python /home/offlinebot/Coding/py/program.py
2024-09-07 08:48:19.305 [info] Discover tests for workspace name: py - uri: /home/offlinebot/Coding/py/program.py
2024-09-07 08:48:24.912 [info] Discover tests for workspace name: py - uri: /home/offlinebot/Coding/py/program.py
2024-09-07 08:48:29.197 [info] Send text to terminal: /bin/python /home/offlinebot/Coding/py/program.py
2024-09-07 08:48:30.477 [info] Send text to terminal: /bin/python /home/offlinebot/Coding/py/program.py
2024-09-07 08:48:31.195 [info] Send text to terminal: /bin/python /home/offlinebot/Coding/py/program.py
2024-09-07 08:48:32.007 [info] Send text to terminal: /bin/python /home/offlinebot/Coding/py/program.py
2024-09-07 08:48:32.346 [info] Send text to terminal: /bin/python /home/offlinebot/Coding/py/program.py
2024-09-07 08:48:32.562 [info] Send text to terminal: /bin/python /home/offlinebot/Coding/py/program.py
2024-09-07 08:48:32.711 [info] Send text to terminal: /bin/python /home/offlinebot/Coding/py/program.py
2024-09-07 08:48:32.846 [info] Send text to terminal: /bin/python /home/offlinebot/Coding/py/program.py
2024-09-07 08:48:32.973 [info] Send text to terminal: /bin/python /home/offlinebot/Coding/py/program.py
2024-09-07 08:48:33.093 [info] Send text to terminal: /bin/python /home/offlinebot/Coding/py/program.py
2024-09-07 08:48:33.232 [info] Send text to terminal: /bin/python /home/offlinebot/Coding/py/program.py
2024-09-07 08:48:33.369 [info] Send text to terminal: /bin/python /home/offlinebot/Coding/py/program.py
2024-09-07 08:48:33.485 [info] Send text to terminal: /bin/python /home/offlinebot/Coding/py/program.py
2024-09-07 08:48:45.491 [info] Discover tests for workspace name: py - uri: /home/offlinebot/Coding/py/program.py
2024-09-07 08:48:51.314 [info] Discover tests for workspace name: py - uri: /home/offlinebot/Coding/py/program.py
2024-09-07 08:49:04.234 [info] Discover tests for workspace name: py - uri: /home/offlinebot/Coding/py/program.py
2024-09-07 08:49:10.887 [info] Discover tests for workspace name: py - uri: /home/offlinebot/Coding/py/program.py
2024-09-07 08:49:18.274 [info] Discover tests for workspace name: py - uri: /home/offlinebot/Coding/py/program.py
2024-09-07 08:49:24.045 [info] Discover tests for workspace name: py - uri: /home/offlinebot/Coding/py/program.py
2024-09-07 08:49:44.070 [info] Discover tests for workspace name: py - uri: /home/offlinebot/Coding/py/program.py
2024-09-07 08:49:47.979 [info] Discover tests for workspace name: py - uri: /home/offlinebot/Coding/py/program.py
2024-09-07 08:50:15.859 [info] Discover tests for workspace name: py - uri: /home/offlinebot/Coding/py/program.py
2024-09-07 08:50:17.985 [info] Discover tests for workspace name: py - uri: /home/offlinebot/Coding/py/program.py
2024-09-07 08:50:38.643 [info] Discover tests for workspace name: py - uri: /home/offlinebot/Coding/py/program.py
2024-09-07 08:50:40.386 [info] Send text to terminal: /bin/python /home/offlinebot/Coding/py/program.py
2024-09-07 08:51:14.595 [info] Discover tests for workspace name: py - uri: /home/offlinebot/Coding/py/program.py
2024-09-07 08:51:34.592 [info] Discover tests for workspace name: py - uri: /home/offlinebot/Coding/py/program.py
2024-09-07 08:51:40.350 [info] Send text to terminal: /bin/python /home/offlinebot/Coding/py/program.py
2024-09-07 08:51:47.345 [info] Send text to terminal: /bin/python /home/offlinebot/Coding/py/program.py
2024-09-07 08:51:51.016 [info] Send text to terminal: /bin/python /home/offlinebot/Coding/py/program.py
2024-09-07 08:51:51.532 [info] Send text to terminal: /bin/python /home/offlinebot/Coding/py/program.py
2024-09-07 08:51:51.964 [info] Send text to terminal: /bin/python /home/offlinebot/Coding/py/program.py
2024-09-07 08:51:52.340 [info] Send text to terminal: /bin/python /home/offlinebot/Coding/py/program.py
2024-09-07 08:51:52.690 [info] Send text to terminal: /bin/python /home/offlinebot/Coding/py/program.py
2024-09-07 08:51:52.914 [info] Send text to terminal: /bin/python /home/offlinebot/Coding/py/program.py
2024-09-07 08:51:53.103 [info] Send text to terminal: /bin/python /home/offlinebot/Coding/py/program.py
2024-09-07 08:51:53.261 [info] Send text to terminal: /bin/python /home/offlinebot/Coding/py/program.py
2024-09-07 08:51:53.441 [info] Send text to terminal: /bin/python /home/offlinebot/Coding/py/program.py
2024-09-07 08:51:53.600 [info] Send text to terminal: /bin/python /home/offlinebot/Coding/py/program.py
2024-09-07 08:51:53.782 [info] Send text to terminal: /bin/python /home/offlinebot/Coding/py/program.py
2024-09-07 08:51:53.961 [info] Send text to terminal: /bin/python /home/offlinebot/Coding/py/program.py
2024-09-07 08:51:54.143 [info] Send text to terminal: /bin/python /home/offlinebot/Coding/py/program.py
2024-09-07 08:51:54.337 [info] Send text to terminal: /bin/python /home/offlinebot/Coding/py/program.py
2024-09-07 08:51:56.025 [info] Send text to terminal: /bin/python /home/offlinebot/Coding/py/program.py
2024-09-07 08:51:56.665 [info] Send text to terminal: /bin/python /home/offlinebot/Coding/py/program.py
2024-09-07 08:51:56.871 [info] Send text to terminal: /bin/python /home/offlinebot/Coding/py/program.py
2024-09-07 08:51:57.057 [info] Send text to terminal: /bin/python /home/offlinebot/Coding/py/program.py
2024-09-07 08:51:57.233 [info] Send text to terminal: /bin/python /home/offlinebot/Coding/py/program.py
2024-09-07 08:51:57.428 [info] Send text to terminal: /bin/python /home/offlinebot/Coding/py/program.py
2024-09-07 08:52:59.183 [info] Discover tests for workspace name: py - uri: /home/offlinebot/Coding/py/program.py
2024-09-07 08:53:00.473 [info] Send text to terminal: /bin/python /home/offlinebot/Coding/py/program.py
2024-09-07 08:53:05.693 [info] Discover tests for workspace name: py - uri: /home/offlinebot/Coding/py/program.py
2024-09-07 08:53:31.430 [info] Discover tests for workspace name: py - uri: /home/offlinebot/Coding/py/program.py
2024-09-07 08:53:33.209 [info] Send text to terminal: /bin/python /home/offlinebot/Coding/py/program.py
2024-09-07 08:53:42.070 [info] Discover tests for workspace name: py - uri: /home/offlinebot/Coding/py/program.py
2024-09-07 08:53:43.722 [info] Send text to terminal: /bin/python /home/offlinebot/Coding/py/program.py
2024-09-07 08:54:08.810 [info] Discover tests for workspace name: py - uri: /home/offlinebot/Coding/py/program.py
2024-09-07 08:54:11.615 [info] Discover tests for workspace name: py - uri: /home/offlinebot/Coding/py/program.py
2024-09-07 08:54:12.943 [info] Send text to terminal: /bin/python /home/offlinebot/Coding/py/program.py
2024-09-07 08:54:21.261 [info] Discover tests for workspace name: py - uri: /home/offlinebot/Coding/py/program.py
2024-09-07 08:54:26.610 [info] Discover tests for workspace name: py - uri: /home/offlinebot/Coding/py/program.py
2024-09-07 08:54:28.525 [info] Send text to terminal: /bin/python /home/offlinebot/Coding/py/program.py
2024-09-07 08:54:46.183 [info] Discover tests for workspace name: py - uri: /home/offlinebot/Coding/py/program.py
2024-09-07 08:54:50.026 [info] Discover tests for workspace name: py - uri: /home/offlinebot/Coding/py/program.py
2024-09-07 08:54:52.392 [info] Send text to terminal: /bin/python /home/offlinebot/Coding/py/program.py
2024-09-07 08:55:32.208 [info] Discover tests for workspace name: py - uri: /home/offlinebot/Coding/py/program.py
2024-09-07 08:55:33.859 [info] Send text to terminal: /bin/python /home/offlinebot/Coding/py/program.py
2024-09-07 08:56:44.459 [info] Discover tests for workspace name: py - uri: /home/offlinebot/Coding/py/program.py
2024-09-07 08:57:46.874 [info] Discover tests for workspace name: py - uri: /home/offlinebot/Coding/py/program.py
2024-09-07 08:57:51.814 [info] Send text to terminal: /bin/python /home/offlinebot/Coding/py/program.py
