2024-09-05 21:22:49.338 [info] [main] Log level: Info
2024-09-05 21:22:49.338 [info] [main] Validating found git in: "git"
2024-09-05 21:22:49.338 [info] [main] Using git "2.46.0" from "git"
2024-09-05 21:22:49.338 [info] [Model][doInitialScan] Initial repository scan started
2024-09-05 21:22:49.338 [info] > git rev-parse --show-toplevel [6ms]
2024-09-05 21:22:49.338 [info] fatal: not a git repository (or any parent up to mount point /)
Stopping at filesystem boundary (GIT_DISCOVERY_ACROSS_FILESYSTEM not set).
2024-09-05 21:22:49.338 [info] > git rev-parse --show-toplevel [3ms]
2024-09-05 21:22:49.338 [info] fatal: not a git repository (or any parent up to mount point /)
Stopping at filesystem boundary (GIT_DISCOVERY_ACROSS_FILESYSTEM not set).
2024-09-05 21:22:49.343 [info] > git rev-parse --show-toplevel [1ms]
2024-09-05 21:22:49.343 [info] fatal: not a git repository (or any parent up to mount point /)
Stopping at filesystem boundary (GIT_DISCOVERY_ACROSS_FILESYSTEM not set).
2024-09-05 21:22:49.348 [info] > git rev-parse --show-toplevel [1ms]
2024-09-05 21:22:49.348 [info] fatal: not a git repository (or any parent up to mount point /)
Stopping at filesystem boundary (GIT_DISCOVERY_ACROSS_FILESYSTEM not set).
2024-09-05 21:22:49.353 [info] > git rev-parse --show-toplevel [1ms]
2024-09-05 21:22:49.353 [info] fatal: not a git repository (or any parent up to mount point /)
Stopping at filesystem boundary (GIT_DISCOVERY_ACROSS_FILESYSTEM not set).
2024-09-05 21:22:49.409 [info] > git rev-parse --show-toplevel [52ms]
2024-09-05 21:22:49.409 [info] fatal: not a git repository (or any parent up to mount point /)
Stopping at filesystem boundary (GIT_DISCOVERY_ACROSS_FILESYSTEM not set).
2024-09-05 21:22:49.481 [info] > git rev-parse --show-toplevel [12ms]
2024-09-05 21:22:49.481 [info] fatal: not a git repository (or any parent up to mount point /)
Stopping at filesystem boundary (GIT_DISCOVERY_ACROSS_FILESYSTEM not set).
2024-09-05 21:22:49.489 [info] > git rev-parse --show-toplevel [2ms]
2024-09-05 21:22:49.489 [info] fatal: not a git repository (or any parent up to mount point /)
Stopping at filesystem boundary (GIT_DISCOVERY_ACROSS_FILESYSTEM not set).
2024-09-05 21:22:49.496 [info] > git rev-parse --show-toplevel [2ms]
2024-09-05 21:22:49.496 [info] fatal: not a git repository (or any parent up to mount point /)
Stopping at filesystem boundary (GIT_DISCOVERY_ACROSS_FILESYSTEM not set).
2024-09-05 21:22:49.498 [info] [Model][doInitialScan] Initial repository scan completed - repositories (0), closed repositories (0), parent repositories (0), unsafe repositories (0)
2024-09-05 21:22:49.511 [info] > git rev-parse --show-toplevel [6ms]
2024-09-05 21:22:49.511 [info] fatal: not a git repository (or any parent up to mount point /)
Stopping at filesystem boundary (GIT_DISCOVERY_ACROSS_FILESYSTEM not set).
2024-09-05 21:22:51.207 [info] > git rev-parse --show-toplevel [1ms]
2024-09-05 21:22:51.207 [info] fatal: not a git repository (or any parent up to mount point /)
Stopping at filesystem boundary (GIT_DISCOVERY_ACROSS_FILESYSTEM not set).
2024-09-05 21:24:04.162 [info] > git rev-parse --show-toplevel [3ms]
2024-09-05 21:24:04.162 [info] fatal: not a git repository (or any parent up to mount point /)
Stopping at filesystem boundary (GIT_DISCOVERY_ACROSS_FILESYSTEM not set).
2024-09-05 21:24:04.249 [info] > git rev-parse --show-toplevel [1ms]
2024-09-05 21:24:04.249 [info] fatal: not a git repository (or any parent up to mount point /)
Stopping at filesystem boundary (GIT_DISCOVERY_ACROSS_FILESYSTEM not set).
2024-09-05 21:24:06.096 [info] > git rev-parse --show-toplevel [4ms]
2024-09-05 21:24:06.097 [info] fatal: not a git repository (or any parent up to mount point /)
Stopping at filesystem boundary (GIT_DISCOVERY_ACROSS_FILESYSTEM not set).
2024-09-05 21:24:16.250 [info] > git rev-parse --show-toplevel [2ms]
2024-09-05 21:24:16.250 [info] fatal: not a git repository (or any parent up to mount point /)
Stopping at filesystem boundary (GIT_DISCOVERY_ACROSS_FILESYSTEM not set).
2024-09-05 21:24:17.609 [info] > git rev-parse --show-toplevel [2ms]
2024-09-05 21:24:17.609 [info] fatal: not a git repository (or any parent up to mount point /)
Stopping at filesystem boundary (GIT_DISCOVERY_ACROSS_FILESYSTEM not set).
2024-09-05 21:24:28.378 [info] > git rev-parse --show-toplevel [1ms]
2024-09-05 21:24:28.378 [info] fatal: not a git repository (or any parent up to mount point /)
Stopping at filesystem boundary (GIT_DISCOVERY_ACROSS_FILESYSTEM not set).
2024-09-05 21:25:07.375 [info] > git rev-parse --show-toplevel [2ms]
2024-09-05 21:25:07.375 [info] fatal: not a git repository (or any parent up to mount point /)
Stopping at filesystem boundary (GIT_DISCOVERY_ACROSS_FILESYSTEM not set).
2024-09-05 21:25:11.100 [info] [main] Log level: Info
2024-09-05 21:25:11.100 [info] [main] Validating found git in: "git"
2024-09-05 21:25:11.100 [info] [main] Using git "2.46.0" from "git"
2024-09-05 21:25:11.100 [info] [Model][doInitialScan] Initial repository scan started
2024-09-05 21:25:11.100 [info] > git rev-parse --show-toplevel [8ms]
2024-09-05 21:25:11.100 [info] fatal: not a git repository (or any parent up to mount point /)
Stopping at filesystem boundary (GIT_DISCOVERY_ACROSS_FILESYSTEM not set).
2024-09-05 21:25:11.141 [info] > git rev-parse --show-toplevel [2ms]
2024-09-05 21:25:11.141 [info] fatal: not a git repository (or any parent up to mount point /)
Stopping at filesystem boundary (GIT_DISCOVERY_ACROSS_FILESYSTEM not set).
2024-09-05 21:25:11.149 [info] > git rev-parse --show-toplevel [2ms]
2024-09-05 21:25:11.149 [info] fatal: not a git repository (or any parent up to mount point /)
Stopping at filesystem boundary (GIT_DISCOVERY_ACROSS_FILESYSTEM not set).
2024-09-05 21:25:11.155 [info] > git rev-parse --show-toplevel [1ms]
2024-09-05 21:25:11.155 [info] fatal: not a git repository (or any parent up to mount point /)
Stopping at filesystem boundary (GIT_DISCOVERY_ACROSS_FILESYSTEM not set).
2024-09-05 21:25:11.161 [info] > git rev-parse --show-toplevel [1ms]
2024-09-05 21:25:11.161 [info] fatal: not a git repository (or any parent up to mount point /)
Stopping at filesystem boundary (GIT_DISCOVERY_ACROSS_FILESYSTEM not set).
2024-09-05 21:25:11.166 [info] > git rev-parse --show-toplevel [1ms]
2024-09-05 21:25:11.166 [info] fatal: not a git repository (or any parent up to mount point /)
Stopping at filesystem boundary (GIT_DISCOVERY_ACROSS_FILESYSTEM not set).
2024-09-05 21:25:11.171 [info] > git rev-parse --show-toplevel [1ms]
2024-09-05 21:25:11.171 [info] fatal: not a git repository (or any parent up to mount point /)
Stopping at filesystem boundary (GIT_DISCOVERY_ACROSS_FILESYSTEM not set).
2024-09-05 21:25:11.175 [info] > git rev-parse --show-toplevel [1ms]
2024-09-05 21:25:11.175 [info] fatal: not a git repository (or any parent up to mount point /)
Stopping at filesystem boundary (GIT_DISCOVERY_ACROSS_FILESYSTEM not set).
2024-09-05 21:25:11.176 [info] [Model][doInitialScan] Initial repository scan completed - repositories (0), closed repositories (0), parent repositories (0), unsafe repositories (0)
2024-09-05 21:25:12.627 [info] > git rev-parse --show-toplevel [2ms]
2024-09-05 21:25:12.627 [info] fatal: not a git repository (or any parent up to mount point /)
Stopping at filesystem boundary (GIT_DISCOVERY_ACROSS_FILESYSTEM not set).
2024-09-05 21:25:31.477 [info] > git rev-parse --show-toplevel [3ms]
2024-09-05 21:25:31.477 [info] fatal: not a git repository (or any parent up to mount point /)
Stopping at filesystem boundary (GIT_DISCOVERY_ACROSS_FILESYSTEM not set).
2024-09-05 21:25:39.649 [info] > git rev-parse --show-toplevel [3ms]
2024-09-05 21:25:39.649 [info] fatal: not a git repository (or any parent up to mount point /)
Stopping at filesystem boundary (GIT_DISCOVERY_ACROSS_FILESYSTEM not set).
2024-09-05 21:25:43.213 [info] [main] Log level: Info
2024-09-05 21:25:43.213 [info] [main] Validating found git in: "git"
2024-09-05 21:25:43.213 [info] [main] Using git "2.46.0" from "git"
2024-09-05 21:25:43.213 [info] [Model][doInitialScan] Initial repository scan started
2024-09-05 21:25:43.213 [info] > git rev-parse --show-toplevel [8ms]
2024-09-05 21:25:43.213 [info] fatal: not a git repository (or any parent up to mount point /)
Stopping at filesystem boundary (GIT_DISCOVERY_ACROSS_FILESYSTEM not set).
2024-09-05 21:25:43.218 [info] > git rev-parse --show-toplevel [1ms]
2024-09-05 21:25:43.218 [info] fatal: not a git repository (or any parent up to mount point /)
Stopping at filesystem boundary (GIT_DISCOVERY_ACROSS_FILESYSTEM not set).
2024-09-05 21:25:43.223 [info] > git rev-parse --show-toplevel [1ms]
2024-09-05 21:25:43.223 [info] fatal: not a git repository (or any parent up to mount point /)
Stopping at filesystem boundary (GIT_DISCOVERY_ACROSS_FILESYSTEM not set).
2024-09-05 21:25:43.229 [info] > git rev-parse --show-toplevel [2ms]
2024-09-05 21:25:43.229 [info] fatal: not a git repository (or any parent up to mount point /)
Stopping at filesystem boundary (GIT_DISCOVERY_ACROSS_FILESYSTEM not set).
2024-09-05 21:25:43.235 [info] > git rev-parse --show-toplevel [1ms]
2024-09-05 21:25:43.235 [info] fatal: not a git repository (or any parent up to mount point /)
Stopping at filesystem boundary (GIT_DISCOVERY_ACROSS_FILESYSTEM not set).
2024-09-05 21:25:43.331 [info] > git rev-parse --show-toplevel [93ms]
2024-09-05 21:25:43.331 [info] fatal: not a git repository (or any parent up to mount point /)
Stopping at filesystem boundary (GIT_DISCOVERY_ACROSS_FILESYSTEM not set).
2024-09-05 21:25:43.340 [info] > git rev-parse --show-toplevel [4ms]
2024-09-05 21:25:43.340 [info] fatal: not a git repository (or any parent up to mount point /)
Stopping at filesystem boundary (GIT_DISCOVERY_ACROSS_FILESYSTEM not set).
2024-09-05 21:25:43.346 [info] > git rev-parse --show-toplevel [1ms]
2024-09-05 21:25:43.346 [info] fatal: not a git repository (or any parent up to mount point /)
Stopping at filesystem boundary (GIT_DISCOVERY_ACROSS_FILESYSTEM not set).
2024-09-05 21:25:43.348 [info] [Model][doInitialScan] Initial repository scan completed - repositories (0), closed repositories (0), parent repositories (0), unsafe repositories (0)
2024-09-05 21:25:44.789 [info] > git rev-parse --show-toplevel [1ms]
2024-09-05 21:25:44.789 [info] fatal: not a git repository (or any parent up to mount point /)
Stopping at filesystem boundary (GIT_DISCOVERY_ACROSS_FILESYSTEM not set).
2024-09-05 21:26:14.078 [info] > git rev-parse --show-toplevel [2ms]
2024-09-05 21:26:14.078 [info] fatal: not a git repository (or any parent up to mount point /)
Stopping at filesystem boundary (GIT_DISCOVERY_ACROSS_FILESYSTEM not set).
2024-09-05 21:27:48.827 [info] > git rev-parse --show-toplevel [3ms]
2024-09-05 21:27:48.827 [info] fatal: not a git repository (or any parent up to mount point /)
Stopping at filesystem boundary (GIT_DISCOVERY_ACROSS_FILESYSTEM not set).
2024-09-05 21:27:59.178 [info] > git rev-parse --show-toplevel [3ms]
2024-09-05 21:27:59.178 [info] fatal: not a git repository (or any parent up to mount point /)
Stopping at filesystem boundary (GIT_DISCOVERY_ACROSS_FILESYSTEM not set).
2024-09-05 21:28:05.906 [info] > git rev-parse --show-toplevel [2ms]
2024-09-05 21:28:05.906 [info] fatal: not a git repository (or any parent up to mount point /)
Stopping at filesystem boundary (GIT_DISCOVERY_ACROSS_FILESYSTEM not set).
2024-09-05 21:28:09.958 [info] > git rev-parse --show-toplevel [1ms]
2024-09-05 21:28:09.958 [info] fatal: not a git repository (or any parent up to mount point /)
Stopping at filesystem boundary (GIT_DISCOVERY_ACROSS_FILESYSTEM not set).
2024-09-05 21:28:13.919 [info] > git rev-parse --show-toplevel [2ms]
2024-09-05 21:28:13.919 [info] fatal: not a git repository (or any parent up to mount point /)
Stopping at filesystem boundary (GIT_DISCOVERY_ACROSS_FILESYSTEM not set).
