2024-09-05 21:22:48.658 [info] Added views:workbench.panel.markers.view in workbench.panel.markers
2024-09-05 21:22:48.658 [info] Added views:workbench.panel.output in workbench.panel.output
2024-09-05 21:22:48.658 [info] Added views:terminal in terminal
2024-09-05 21:22:48.658 [info] Added views:outline in workbench.view.explorer
2024-09-05 21:22:48.658 [info] Added views:workbench.scm in workbench.view.scm
2024-09-05 21:22:48.658 [info] Added views:workbench.view.search in workbench.view.search
2024-09-05 21:22:48.658 [info] Added views:timeline in workbench.view.explorer
2024-09-05 21:22:48.658 [info] Added views:workbench.explorer.fileView in workbench.view.explorer
2024-09-05 21:22:49.007 [info] Added views:jsonOutline in workbench.view.extension.json-views
2024-09-05 21:22:49.108 [info] Added views:workbench.debug.variablesView,workbench.debug.watchExpressionsView,workbench.debug.callStackView,workbench.debug.breakPointsView in workbench.view.debug
2024-09-05 21:22:49.178 [info] Added views:workbench.panel.repl.view in workbench.panel.repl
2024-09-05 21:22:49.180 [info] Removed views:workbench.debug.breakPointsView,workbench.debug.callStackView,workbench.debug.watchExpressionsView,workbench.debug.variablesView from workbench.view.debug
2024-09-05 21:22:49.180 [info] Added views:workbench.debug.welcome in workbench.view.debug
2024-09-05 21:22:49.438 [info] Added views:~remote.forwardedPorts in ~remote.forwardedPortsContainer
2024-09-05 21:22:53.800 [info] Added views:workbench.views.extensions.installed,workbench.views.extensions.popular,extensions.recommendedList in workbench.view.extensions
2024-09-05 21:22:53.802 [info] Removed views:workbench.views.extensions.popular from workbench.view.extensions
2024-09-05 21:23:51.145 [info] Removed views:extensions.recommendedList,workbench.views.extensions.installed from workbench.view.extensions
2024-09-05 21:23:51.150 [info] Added views:workbench.views.extensions.marketplace in workbench.view.extensions
2024-09-05 21:25:10.023 [info] Added views:workbench.panel.markers.view in workbench.panel.markers
2024-09-05 21:25:10.023 [info] Added views:workbench.panel.output in workbench.panel.output
2024-09-05 21:25:10.023 [info] Added views:terminal in terminal
2024-09-05 21:25:10.023 [info] Added views:outline in workbench.view.explorer
2024-09-05 21:25:10.023 [info] Added views:workbench.scm in workbench.view.scm
2024-09-05 21:25:10.023 [info] Added views:workbench.view.search in workbench.view.search
2024-09-05 21:25:10.023 [info] Added views:timeline in workbench.view.explorer
2024-09-05 21:25:10.023 [info] Added views:workbench.explorer.fileView in workbench.view.explorer
2024-09-05 21:25:10.132 [info] Added views:workbench.debug.welcome in workbench.view.debug
2024-09-05 21:25:10.491 [info] Added views:jsonOutline in workbench.view.extension.json-views
2024-09-05 21:25:10.573 [info] Added views:workbench.panel.repl.view in workbench.panel.repl
2024-09-05 21:25:10.831 [info] Added views:~remote.forwardedPorts in ~remote.forwardedPortsContainer
2024-09-05 21:25:10.928 [info] Added views:workbench.views.extensions.installed,extensions.recommendedList in workbench.view.extensions
2024-09-05 21:25:42.223 [info] Added views:workbench.panel.markers.view in workbench.panel.markers
2024-09-05 21:25:42.223 [info] Added views:workbench.panel.output in workbench.panel.output
2024-09-05 21:25:42.223 [info] Added views:terminal in terminal
2024-09-05 21:25:42.223 [info] Added views:outline in workbench.view.explorer
2024-09-05 21:25:42.223 [info] Added views:workbench.scm in workbench.view.scm
2024-09-05 21:25:42.223 [info] Added views:workbench.view.search in workbench.view.search
2024-09-05 21:25:42.223 [info] Added views:timeline in workbench.view.explorer
2024-09-05 21:25:42.223 [info] Added views:workbench.explorer.fileView in workbench.view.explorer
2024-09-05 21:25:42.290 [info] Added views:workbench.debug.welcome in workbench.view.debug
2024-09-05 21:25:42.697 [info] Added views:jsonOutline in workbench.view.extension.json-views
2024-09-05 21:25:42.771 [info] Added views:workbench.panel.repl.view in workbench.panel.repl
2024-09-05 21:25:43.028 [info] Added views:~remote.forwardedPorts in ~remote.forwardedPortsContainer
2024-09-05 21:25:43.145 [info] Added views:workbench.views.extensions.installed,extensions.recommendedList in workbench.view.extensions
