2024-09-06 23:08:08.867 [info] [main] Log level: Info
2024-09-06 23:08:08.867 [info] [main] Validating found git in: "git"
2024-09-06 23:08:08.867 [info] [main] Using git "2.46.0" from "git"
2024-09-06 23:08:08.867 [info] [Model][doInitialScan] Initial repository scan started
2024-09-06 23:08:08.867 [info] > git rev-parse --show-toplevel [3ms]
2024-09-06 23:08:08.867 [info] > git rev-parse --git-dir --git-common-dir [1ms]
2024-09-06 23:08:08.874 [info] [Model][openRepository] Opened repository: /home/offlinebot/.config/ags
2024-09-06 23:08:08.883 [info] > git config --get commit.template [4ms]
2024-09-06 23:08:08.884 [info] > git rev-parse --show-toplevel [3ms]
2024-09-06 23:08:08.890 [info] > git for-each-ref --format=%(refname)%00%(upstream:short)%00%(objectname)%00%(upstream:track)%00%(upstream:remotename)%00%(upstream:remoteref) refs/heads/main refs/remotes/main [4ms]
2024-09-06 23:08:08.892 [info] > git rev-parse --show-toplevel [3ms]
2024-09-06 23:08:08.966 [info] > git status -z -uall [4ms]
2024-09-06 23:08:08.966 [info] > git rev-parse --show-toplevel [72ms]
2024-09-06 23:08:09.011 [info] > git for-each-ref --format=%(refname)%00%(upstream:short)%00%(objectname)%00%(upstream:track)%00%(upstream:remotename)%00%(upstream:remoteref) refs/heads/main refs/remotes/main [15ms]
2024-09-06 23:08:09.015 [info] > git rev-parse --show-toplevel [25ms]
2024-09-06 23:08:09.016 [info] [Model][doInitialScan] Initial repository scan completed - repositories (1), closed repositories (0), parent repositories (0), unsafe repositories (0)
2024-09-06 23:08:09.023 [info] > git config --local branch.main.vscode-merge-base [8ms]
2024-09-06 23:08:09.023 [warning] [Git][config] git config failed: Failed to execute git
2024-09-06 23:08:09.027 [info] > git config --get commit.template [17ms]
2024-09-06 23:08:09.036 [info] > git reflog main --grep-reflog=branch: Created from *. [9ms]
2024-09-06 23:08:09.043 [info] > git symbolic-ref --short refs/remotes/origin/HEAD [4ms]
2024-09-06 23:08:09.044 [info] fatal: ref refs/remotes/origin/HEAD is not a symbolic ref
2024-09-06 23:08:09.056 [info] > git merge-base refs/heads/main refs/remotes/origin/main [10ms]
2024-09-06 23:08:09.059 [info] > git for-each-ref --format=%(refname)%00%(upstream:short)%00%(objectname)%00%(upstream:track)%00%(upstream:remotename)%00%(upstream:remoteref) refs/heads/main refs/remotes/main [16ms]
2024-09-06 23:08:09.064 [info] > git rev-list --count --left-right refs/heads/main...refs/remotes/origin/main [5ms]
2024-09-06 23:08:09.072 [info] > git diff --name-status -z --diff-filter=ADMR c0be83562939de0e4dd7f18bcee3e73a33d78866...refs/remotes/origin/main [5ms]
2024-09-06 23:08:09.074 [info] > git status -z -uall [2ms]
2024-09-06 23:08:09.078 [info] > git for-each-ref --format=%(refname)%00%(upstream:short)%00%(objectname)%00%(upstream:track)%00%(upstream:remotename)%00%(upstream:remoteref) refs/heads/main refs/remotes/main [2ms]
2024-09-06 23:08:09.081 [info] > git config --local branch.main.vscode-merge-base [1ms]
2024-09-06 23:08:09.081 [warning] [Git][config] git config failed: Failed to execute git
2024-09-06 23:08:09.085 [info] > git reflog main --grep-reflog=branch: Created from *. [1ms]
2024-09-06 23:08:09.088 [info] > git symbolic-ref --short refs/remotes/origin/HEAD [1ms]
2024-09-06 23:08:09.088 [info] fatal: ref refs/remotes/origin/HEAD is not a symbolic ref
2024-09-06 23:08:09.474 [info] > git check-ignore -v -z --stdin [1ms]
2024-09-06 23:08:11.977 [info] > git check-ignore -v -z --stdin [1ms]
