2024-09-06 23:09:20.342 [info] [main] Log level: Info
2024-09-06 23:09:20.342 [info] [main] Validating found git in: "git"
2024-09-06 23:09:20.342 [info] [main] Using git "2.46.0" from "git"
2024-09-06 23:09:20.342 [info] [Model][doInitialScan] Initial repository scan started
2024-09-06 23:09:20.342 [info] > git rev-parse --show-toplevel [1ms]
2024-09-06 23:09:20.342 [info] > git rev-parse --git-dir --git-common-dir [7ms]
2024-09-06 23:09:20.342 [info] [Model][openRepository] Opened repository: /home/offlinebot/.config/ags
2024-09-06 23:09:20.342 [info] > git rev-parse --show-toplevel [2ms]
2024-09-06 23:09:20.342 [info] > git config --get commit.template [5ms]
2024-09-06 23:09:20.342 [info] > git rev-parse --show-toplevel [28ms]
2024-09-06 23:09:20.342 [info] > git for-each-ref --format=%(refname)%00%(upstream:short)%00%(objectname)%00%(upstream:track)%00%(upstream:remotename)%00%(upstream:remoteref) refs/heads/main refs/remotes/main [15ms]
2024-09-06 23:09:20.342 [info] > git rev-parse --show-toplevel [4ms]
2024-09-06 23:09:20.360 [info] > git rev-parse --show-toplevel [11ms]
2024-09-06 23:09:20.361 [info] [Model][doInitialScan] Initial repository scan completed - repositories (1), closed repositories (0), parent repositories (0), unsafe repositories (0)
2024-09-06 23:09:20.362 [info] > git status -z -uall [3ms]
2024-09-06 23:09:20.372 [info] > git for-each-ref --format=%(refname)%00%(upstream:short)%00%(objectname)%00%(upstream:track)%00%(upstream:remotename)%00%(upstream:remoteref) refs/heads/main refs/remotes/main [5ms]
2024-09-06 23:09:20.376 [info] > git config --local branch.main.vscode-merge-base [1ms]
2024-09-06 23:09:20.376 [warning] [Git][config] git config failed: Failed to execute git
2024-09-06 23:09:20.379 [info] > git config --get commit.template [7ms]
2024-09-06 23:09:20.380 [info] > git reflog main --grep-reflog=branch: Created from *. [1ms]
2024-09-06 23:09:20.393 [info] > git symbolic-ref --short refs/remotes/origin/HEAD [10ms]
2024-09-06 23:09:20.393 [info] fatal: ref refs/remotes/origin/HEAD is not a symbolic ref
2024-09-06 23:09:20.401 [info] > git merge-base refs/heads/main refs/remotes/origin/main [5ms]
2024-09-06 23:09:20.406 [info] > git for-each-ref --format=%(refname)%00%(upstream:short)%00%(objectname)%00%(upstream:track)%00%(upstream:remotename)%00%(upstream:remoteref) refs/heads/main refs/remotes/main [13ms]
2024-09-06 23:09:20.411 [info] > git rev-list --count --left-right refs/heads/main...refs/remotes/origin/main [5ms]
2024-09-06 23:09:20.414 [info] > git status -z -uall [4ms]
2024-09-06 23:09:20.419 [info] > git for-each-ref --format=%(refname)%00%(upstream:short)%00%(objectname)%00%(upstream:track)%00%(upstream:remotename)%00%(upstream:remoteref) refs/heads/main refs/remotes/main [1ms]
2024-09-06 23:09:20.422 [info] > git diff --name-status -z --diff-filter=ADMR c0be83562939de0e4dd7f18bcee3e73a33d78866...refs/remotes/origin/main [8ms]
2024-09-06 23:09:20.423 [info] > git config --local branch.main.vscode-merge-base [1ms]
2024-09-06 23:09:20.423 [warning] [Git][config] git config failed: Failed to execute git
2024-09-06 23:09:20.427 [info] > git reflog main --grep-reflog=branch: Created from *. [2ms]
2024-09-06 23:09:20.430 [info] > git symbolic-ref --short refs/remotes/origin/HEAD [1ms]
2024-09-06 23:09:20.430 [info] fatal: ref refs/remotes/origin/HEAD is not a symbolic ref
2024-09-06 23:09:20.810 [info] > git check-ignore -v -z --stdin [2ms]
