2024-09-06 23:07:10.751 [info] [main] Log level: Info
2024-09-06 23:07:10.751 [info] [main] Validating found git in: "git"
2024-09-06 23:07:10.751 [info] [main] Using git "2.46.0" from "git"
2024-09-06 23:07:10.751 [info] [Model][doInitialScan] Initial repository scan started
2024-09-06 23:07:10.751 [info] > git rev-parse --show-toplevel [7ms]
2024-09-06 23:07:10.751 [info] > git rev-parse --git-dir --git-common-dir [32ms]
2024-09-06 23:07:10.751 [info] [Model][openRepository] Opened repository: /home/offlinebot/.config/ags
2024-09-06 23:07:10.751 [info] > git rev-parse --show-toplevel [2ms]
2024-09-06 23:07:10.751 [info] > git config --get commit.template [7ms]
2024-09-06 23:07:10.761 [info] > git rev-parse --show-toplevel [6ms]
2024-09-06 23:07:10.766 [info] > git for-each-ref --format=%(refname)%00%(upstream:short)%00%(objectname)%00%(upstream:track)%00%(upstream:remotename)%00%(upstream:remoteref) refs/heads/main refs/remotes/main [6ms]
2024-09-06 23:07:10.777 [info] > git rev-parse --show-toplevel [11ms]
2024-09-06 23:07:10.792 [info] > git rev-parse --show-toplevel [5ms]
2024-09-06 23:07:10.792 [info] [Model][doInitialScan] Initial repository scan completed - repositories (1), closed repositories (0), parent repositories (0), unsafe repositories (0)
2024-09-06 23:07:10.795 [info] > git status -z -uall [4ms]
2024-09-06 23:07:10.805 [info] > git for-each-ref --format=%(refname)%00%(upstream:short)%00%(objectname)%00%(upstream:track)%00%(upstream:remotename)%00%(upstream:remoteref) refs/heads/main refs/remotes/main [6ms]
2024-09-06 23:07:10.809 [info] > git config --get commit.template [4ms]
2024-09-06 23:07:10.810 [info] > git config --local branch.main.vscode-merge-base [1ms]
2024-09-06 23:07:10.810 [warning] [Git][config] git config failed: Failed to execute git
2024-09-06 23:07:10.823 [info] > git for-each-ref --format=%(refname)%00%(upstream:short)%00%(objectname)%00%(upstream:track)%00%(upstream:remotename)%00%(upstream:remoteref) refs/heads/main refs/remotes/main [6ms]
2024-09-06 23:07:10.823 [info] > git reflog main --grep-reflog=branch: Created from *. [9ms]
2024-09-06 23:07:10.829 [info] > git symbolic-ref --short refs/remotes/origin/HEAD [3ms]
2024-09-06 23:07:10.829 [info] fatal: ref refs/remotes/origin/HEAD is not a symbolic ref
2024-09-06 23:07:10.833 [info] > git status -z -uall [4ms]
2024-09-06 23:07:10.839 [info] > git for-each-ref --format=%(refname)%00%(upstream:short)%00%(objectname)%00%(upstream:track)%00%(upstream:remotename)%00%(upstream:remoteref) refs/heads/main refs/remotes/main [2ms]
2024-09-06 23:07:10.842 [info] > git merge-base refs/heads/main refs/remotes/origin/main [9ms]
2024-09-06 23:07:10.847 [info] > git rev-list --count --left-right refs/heads/main...refs/remotes/origin/main [2ms]
2024-09-06 23:07:10.850 [info] > git config --local branch.main.vscode-merge-base [8ms]
2024-09-06 23:07:10.850 [warning] [Git][config] git config failed: Failed to execute git
2024-09-06 23:07:10.855 [info] > git reflog main --grep-reflog=branch: Created from *. [2ms]
2024-09-06 23:07:10.857 [info] > git diff --name-status -z --diff-filter=ADMR c0be83562939de0e4dd7f18bcee3e73a33d78866...refs/remotes/origin/main [7ms]
2024-09-06 23:07:10.859 [info] > git symbolic-ref --short refs/remotes/origin/HEAD [2ms]
2024-09-06 23:07:10.859 [info] fatal: ref refs/remotes/origin/HEAD is not a symbolic ref
2024-09-06 23:07:11.325 [info] > git check-ignore -v -z --stdin [1ms]
