2024-09-07 00:09:34.265 [info] [main] Log level: Info
2024-09-07 00:09:34.265 [info] [main] Validating found git in: "git"
2024-09-07 00:09:34.265 [info] [main] Using git "2.46.0" from "git"
2024-09-07 00:09:34.265 [info] [Model][doInitialScan] Initial repository scan started
2024-09-07 00:09:34.265 [info] > git rev-parse --show-toplevel [2ms]
2024-09-07 00:09:34.265 [info] fatal: not a git repository (or any parent up to mount point /)
Stopping at filesystem boundary (GIT_DISCOVERY_ACROSS_FILESYSTEM not set).
2024-09-07 00:09:34.266 [info] > git rev-parse --show-toplevel [1ms]
2024-09-07 00:09:34.266 [info] fatal: not a git repository (or any parent up to mount point /)
Stopping at filesystem boundary (GIT_DISCOVERY_ACROSS_FILESYSTEM not set).
2024-09-07 00:09:34.270 [info] > git rev-parse --show-toplevel [1ms]
2024-09-07 00:09:34.270 [info] fatal: not a git repository (or any parent up to mount point /)
Stopping at filesystem boundary (GIT_DISCOVERY_ACROSS_FILESYSTEM not set).
2024-09-07 00:09:34.275 [info] > git rev-parse --show-toplevel [2ms]
2024-09-07 00:09:34.275 [info] fatal: not a git repository (or any parent up to mount point /)
Stopping at filesystem boundary (GIT_DISCOVERY_ACROSS_FILESYSTEM not set).
2024-09-07 00:09:34.281 [info] > git rev-parse --show-toplevel [2ms]
2024-09-07 00:09:34.281 [info] fatal: not a git repository (or any parent up to mount point /)
Stopping at filesystem boundary (GIT_DISCOVERY_ACROSS_FILESYSTEM not set).
2024-09-07 00:09:34.285 [info] > git rev-parse --show-toplevel [2ms]
2024-09-07 00:09:34.285 [info] fatal: not a git repository (or any parent up to mount point /)
Stopping at filesystem boundary (GIT_DISCOVERY_ACROSS_FILESYSTEM not set).
2024-09-07 00:09:34.288 [info] > git rev-parse --show-toplevel [1ms]
2024-09-07 00:09:34.288 [info] fatal: not a git repository (or any parent up to mount point /)
Stopping at filesystem boundary (GIT_DISCOVERY_ACROSS_FILESYSTEM not set).
2024-09-07 00:09:34.292 [info] > git rev-parse --show-toplevel [1ms]
2024-09-07 00:09:34.292 [info] fatal: not a git repository (or any parent up to mount point /)
Stopping at filesystem boundary (GIT_DISCOVERY_ACROSS_FILESYSTEM not set).
2024-09-07 00:09:34.295 [info] > git rev-parse --show-toplevel [0ms]
2024-09-07 00:09:34.295 [info] fatal: not a git repository (or any parent up to mount point /)
Stopping at filesystem boundary (GIT_DISCOVERY_ACROSS_FILESYSTEM not set).
2024-09-07 00:09:34.372 [info] > git rev-parse --show-toplevel [73ms]
2024-09-07 00:09:34.372 [info] fatal: not a git repository (or any parent up to mount point /)
Stopping at filesystem boundary (GIT_DISCOVERY_ACROSS_FILESYSTEM not set).
2024-09-07 00:09:34.400 [info] > git rev-parse --show-toplevel [6ms]
2024-09-07 00:09:34.400 [info] fatal: not a git repository (or any parent up to mount point /)
Stopping at filesystem boundary (GIT_DISCOVERY_ACROSS_FILESYSTEM not set).
2024-09-07 00:09:34.409 [info] > git rev-parse --show-toplevel [5ms]
2024-09-07 00:09:34.409 [info] fatal: not a git repository (or any parent up to mount point /)
Stopping at filesystem boundary (GIT_DISCOVERY_ACROSS_FILESYSTEM not set).
2024-09-07 00:09:34.414 [info] > git rev-parse --show-toplevel [1ms]
2024-09-07 00:09:34.414 [info] fatal: not a git repository (or any parent up to mount point /)
Stopping at filesystem boundary (GIT_DISCOVERY_ACROSS_FILESYSTEM not set).
2024-09-07 00:09:34.419 [info] > git rev-parse --show-toplevel [1ms]
2024-09-07 00:09:34.419 [info] fatal: not a git repository (or any parent up to mount point /)
Stopping at filesystem boundary (GIT_DISCOVERY_ACROSS_FILESYSTEM not set).
2024-09-07 00:09:34.423 [info] > git rev-parse --show-toplevel [0ms]
2024-09-07 00:09:34.423 [info] fatal: not a git repository (or any parent up to mount point /)
Stopping at filesystem boundary (GIT_DISCOVERY_ACROSS_FILESYSTEM not set).
2024-09-07 00:09:34.427 [info] > git rev-parse --show-toplevel [2ms]
2024-09-07 00:09:34.427 [info] fatal: not a git repository (or any parent up to mount point /)
Stopping at filesystem boundary (GIT_DISCOVERY_ACROSS_FILESYSTEM not set).
2024-09-07 00:09:34.430 [info] > git rev-parse --show-toplevel [1ms]
2024-09-07 00:09:34.430 [info] fatal: not a git repository (or any parent up to mount point /)
Stopping at filesystem boundary (GIT_DISCOVERY_ACROSS_FILESYSTEM not set).
2024-09-07 00:09:34.434 [info] > git rev-parse --show-toplevel [1ms]
2024-09-07 00:09:34.434 [info] fatal: not a git repository (or any parent up to mount point /)
Stopping at filesystem boundary (GIT_DISCOVERY_ACROSS_FILESYSTEM not set).
2024-09-07 00:09:34.438 [info] > git rev-parse --show-toplevel [1ms]
2024-09-07 00:09:34.438 [info] fatal: not a git repository (or any parent up to mount point /)
Stopping at filesystem boundary (GIT_DISCOVERY_ACROSS_FILESYSTEM not set).
2024-09-07 00:09:34.441 [info] > git rev-parse --show-toplevel [0ms]
2024-09-07 00:09:34.441 [info] fatal: not a git repository (or any parent up to mount point /)
Stopping at filesystem boundary (GIT_DISCOVERY_ACROSS_FILESYSTEM not set).
2024-09-07 00:09:34.445 [info] > git rev-parse --show-toplevel [0ms]
2024-09-07 00:09:34.445 [info] fatal: not a git repository (or any parent up to mount point /)
Stopping at filesystem boundary (GIT_DISCOVERY_ACROSS_FILESYSTEM not set).
2024-09-07 00:09:34.449 [info] > git rev-parse --show-toplevel [1ms]
2024-09-07 00:09:34.449 [info] fatal: not a git repository (or any parent up to mount point /)
Stopping at filesystem boundary (GIT_DISCOVERY_ACROSS_FILESYSTEM not set).
2024-09-07 00:09:34.453 [info] > git rev-parse --show-toplevel [1ms]
2024-09-07 00:09:34.453 [info] fatal: not a git repository (or any parent up to mount point /)
Stopping at filesystem boundary (GIT_DISCOVERY_ACROSS_FILESYSTEM not set).
2024-09-07 00:09:34.456 [info] > git rev-parse --show-toplevel [0ms]
2024-09-07 00:09:34.456 [info] fatal: not a git repository (or any parent up to mount point /)
Stopping at filesystem boundary (GIT_DISCOVERY_ACROSS_FILESYSTEM not set).
2024-09-07 00:09:34.459 [info] > git rev-parse --show-toplevel [0ms]
2024-09-07 00:09:34.459 [info] fatal: not a git repository (or any parent up to mount point /)
Stopping at filesystem boundary (GIT_DISCOVERY_ACROSS_FILESYSTEM not set).
2024-09-07 00:09:34.462 [info] > git rev-parse --show-toplevel [0ms]
2024-09-07 00:09:34.463 [info] fatal: not a git repository (or any parent up to mount point /)
Stopping at filesystem boundary (GIT_DISCOVERY_ACROSS_FILESYSTEM not set).
2024-09-07 00:09:34.465 [info] > git rev-parse --show-toplevel [0ms]
2024-09-07 00:09:34.465 [info] fatal: not a git repository (or any parent up to mount point /)
Stopping at filesystem boundary (GIT_DISCOVERY_ACROSS_FILESYSTEM not set).
2024-09-07 00:09:34.469 [info] > git rev-parse --show-toplevel [0ms]
2024-09-07 00:09:34.472 [info] > git rev-parse --git-dir --git-common-dir [1ms]
2024-09-07 00:09:34.478 [info] [Model][openRepository] Opened repository: /home/offlinebot/dotfiles
2024-09-07 00:09:34.485 [info] > git config --get commit.template [4ms]
2024-09-07 00:09:34.485 [info] > git rev-parse --show-toplevel [1ms]
2024-09-07 00:09:34.485 [info] fatal: not a git repository (or any parent up to mount point /)
Stopping at filesystem boundary (GIT_DISCOVERY_ACROSS_FILESYSTEM not set).
2024-09-07 00:09:34.491 [info] > git for-each-ref --format=%(refname)%00%(upstream:short)%00%(objectname)%00%(upstream:track)%00%(upstream:remotename)%00%(upstream:remoteref) refs/heads/main refs/remotes/main [3ms]
2024-09-07 00:09:34.492 [info] > git rev-parse --show-toplevel [2ms]
2024-09-07 00:09:34.492 [info] fatal: not a git repository (or any parent up to mount point /)
Stopping at filesystem boundary (GIT_DISCOVERY_ACROSS_FILESYSTEM not set).
2024-09-07 00:09:34.492 [info] [Model][doInitialScan] Initial repository scan completed - repositories (1), closed repositories (0), parent repositories (0), unsafe repositories (0)
2024-09-07 00:09:34.543 [info] > git status -z -uall [43ms]
2024-09-07 00:09:34.561 [info] > git for-each-ref --format=%(refname)%00%(upstream:short)%00%(objectname)%00%(upstream:track)%00%(upstream:remotename)%00%(upstream:remoteref) refs/heads/main refs/remotes/main [13ms]
2024-09-07 00:09:34.565 [info] > git config --get commit.template [4ms]
2024-09-07 00:09:34.566 [info] > git config --local branch.main.vscode-merge-base [2ms]
2024-09-07 00:09:34.567 [warning] [Git][config] git config failed: Failed to execute git
2024-09-07 00:09:34.581 [info] > git for-each-ref --format=%(refname)%00%(upstream:short)%00%(objectname)%00%(upstream:track)%00%(upstream:remotename)%00%(upstream:remoteref) refs/heads/main refs/remotes/main [9ms]
2024-09-07 00:09:34.581 [info] > git reflog main --grep-reflog=branch: Created from *. [12ms]
2024-09-07 00:09:34.619 [info] > git symbolic-ref --short refs/remotes/origin/HEAD [35ms]
2024-09-07 00:09:34.619 [info] fatal: ref refs/remotes/origin/HEAD is not a symbolic ref
2024-09-07 00:09:34.627 [info] > git merge-base refs/heads/main refs/remotes/origin/main [4ms]
2024-09-07 00:09:34.632 [info] > git rev-list --count --left-right refs/heads/main...refs/remotes/origin/main [2ms]
2024-09-07 00:09:34.636 [info] > git diff --name-status -z --diff-filter=ADMR 2c2ea6010fc65495cd6d214e3df8ae34531eba2e...refs/remotes/origin/main [1ms]
2024-09-07 00:09:34.648 [info] > git status -z -uall [21ms]
2024-09-07 00:09:34.658 [info] > git for-each-ref --format=%(refname)%00%(upstream:short)%00%(objectname)%00%(upstream:track)%00%(upstream:remotename)%00%(upstream:remoteref) refs/heads/main refs/remotes/main [5ms]
2024-09-07 00:09:34.664 [info] > git config --local branch.main.vscode-merge-base [3ms]
2024-09-07 00:09:34.664 [warning] [Git][config] git config failed: Failed to execute git
2024-09-07 00:09:34.668 [info] > git reflog main --grep-reflog=branch: Created from *. [1ms]
2024-09-07 00:09:34.672 [info] > git symbolic-ref --short refs/remotes/origin/HEAD [1ms]
2024-09-07 00:09:34.672 [info] fatal: ref refs/remotes/origin/HEAD is not a symbolic ref
2024-09-07 00:09:34.998 [info] > git check-ignore -v -z --stdin [1ms]
2024-09-07 00:09:36.177 [info] > git rev-parse --show-toplevel [2ms]
2024-09-07 00:09:36.177 [info] fatal: not a git repository (or any parent up to mount point /)
Stopping at filesystem boundary (GIT_DISCOVERY_ACROSS_FILESYSTEM not set).
