2024-09-06 23:41:09.783 [info] [main] Log level: Info
2024-09-06 23:41:09.783 [info] [main] Validating found git in: "git"
2024-09-06 23:41:09.783 [info] [main] Using git "2.46.0" from "git"
2024-09-06 23:41:09.783 [info] [Model][doInitialScan] Initial repository scan started
2024-09-06 23:41:09.783 [info] > git rev-parse --show-toplevel [1ms]
2024-09-06 23:41:09.783 [info] > git rev-parse --path-format=relative --show-toplevel [6ms]
2024-09-06 23:41:09.783 [info] > git rev-parse --git-dir --git-common-dir [2ms]
2024-09-06 23:41:09.783 [info] [Model][openRepository] Opened repository: /home/offlinebot/.config/ags
2024-09-06 23:41:09.784 [info] > git rev-parse --show-toplevel [4ms]
2024-09-06 23:41:09.786 [info] > git config --get commit.template [9ms]
2024-09-06 23:41:09.931 [info] > git rev-parse --path-format=relative --show-toplevel [145ms]
2024-09-06 23:41:09.982 [info] > git rev-parse --show-toplevel [10ms]
2024-09-06 23:41:09.984 [info] > git for-each-ref --format=%(refname)%00%(upstream:short)%00%(objectname)%00%(upstream:track)%00%(upstream:remotename)%00%(upstream:remoteref) refs/heads/main refs/remotes/main [16ms]
2024-09-06 23:41:09.991 [info] > git rev-parse --path-format=relative --show-toplevel [7ms]
2024-09-06 23:41:10.002 [info] > git rev-parse --show-toplevel [6ms]
2024-09-06 23:41:10.006 [info] > git status -z -uall [5ms]
2024-09-06 23:41:10.016 [info] > git for-each-ref --format=%(refname)%00%(upstream:short)%00%(objectname)%00%(upstream:track)%00%(upstream:remotename)%00%(upstream:remoteref) refs/heads/main refs/remotes/main [6ms]
2024-09-06 23:41:10.019 [info] > git rev-parse --path-format=relative --show-toplevel [14ms]
2024-09-06 23:41:10.023 [info] > git config --local branch.main.vscode-merge-base [4ms]
2024-09-06 23:41:10.023 [warning] [Git][config] git config failed: Failed to execute git
2024-09-06 23:41:10.025 [info] > git config --get commit.template [9ms]
2024-09-06 23:41:10.026 [info] > git rev-parse --show-toplevel [3ms]
2024-09-06 23:41:10.043 [info] > git rev-parse --path-format=relative --show-toplevel [15ms]
2024-09-06 23:41:10.043 [info] [Model][doInitialScan] Initial repository scan completed - repositories (1), closed repositories (0), parent repositories (0), unsafe repositories (0)
2024-09-06 23:41:10.044 [info] > git reflog main --grep-reflog=branch: Created from *. [19ms]
2024-09-06 23:41:10.051 [info] > git symbolic-ref --short refs/remotes/origin/HEAD [5ms]
2024-09-06 23:41:10.051 [info] fatal: ref refs/remotes/origin/HEAD is not a symbolic ref
2024-09-06 23:41:10.054 [info] > git for-each-ref --format=%(refname)%00%(upstream:short)%00%(objectname)%00%(upstream:track)%00%(upstream:remotename)%00%(upstream:remoteref) refs/heads/main refs/remotes/main [12ms]
2024-09-06 23:41:10.055 [info] > git merge-base refs/heads/main refs/remotes/origin/main [1ms]
2024-09-06 23:41:10.062 [info] > git rev-list --count --left-right refs/heads/main...refs/remotes/origin/main [4ms]
2024-09-06 23:41:10.065 [info] > git status -z -uall [4ms]
2024-09-06 23:41:10.070 [info] > git for-each-ref --format=%(refname)%00%(upstream:short)%00%(objectname)%00%(upstream:track)%00%(upstream:remotename)%00%(upstream:remoteref) refs/heads/main refs/remotes/main [2ms]
2024-09-06 23:41:10.073 [info] > git diff --name-status -z --diff-filter=ADMR c0be83562939de0e4dd7f18bcee3e73a33d78866...refs/remotes/origin/main [8ms]
2024-09-06 23:41:10.074 [info] > git config --local branch.main.vscode-merge-base [2ms]
2024-09-06 23:41:10.074 [warning] [Git][config] git config failed: Failed to execute git
2024-09-06 23:41:10.077 [info] > git reflog main --grep-reflog=branch: Created from *. [1ms]
2024-09-06 23:41:10.081 [info] > git symbolic-ref --short refs/remotes/origin/HEAD [1ms]
2024-09-06 23:41:10.081 [info] fatal: ref refs/remotes/origin/HEAD is not a symbolic ref
2024-09-06 23:41:10.439 [info] > git check-ignore -v -z --stdin [1ms]
