2024-09-07 08:18:55.757 [info] [main] Log level: Info
2024-09-07 08:18:55.757 [info] [main] Validating found git in: "git"
2024-09-07 08:18:55.757 [info] [main] Using git "2.46.0" from "git"
2024-09-07 08:18:55.757 [info] [Model][doInitialScan] Initial repository scan started
2024-09-07 08:18:55.757 [info] > git rev-parse --show-toplevel [2ms]
2024-09-07 08:18:55.757 [info] fatal: not a git repository (or any parent up to mount point /)
Stopping at filesystem boundary (GIT_DISCOVERY_ACROSS_FILESYSTEM not set).
2024-09-07 08:18:55.757 [info] [Model][doInitialScan] Initial repository scan completed - repositories (0), closed repositories (0), parent repositories (0), unsafe repositories (0)
2024-09-07 08:18:56.580 [info] > git rev-parse --show-toplevel [1ms]
2024-09-07 08:18:56.580 [info] fatal: not a git repository (or any parent up to mount point /)
Stopping at filesystem boundary (GIT_DISCOVERY_ACROSS_FILESYSTEM not set).
2024-09-07 08:18:57.668 [info] > git rev-parse --show-toplevel [1ms]
2024-09-07 08:18:57.668 [info] fatal: not a git repository (or any parent up to mount point /)
Stopping at filesystem boundary (GIT_DISCOVERY_ACROSS_FILESYSTEM not set).
2024-09-07 08:19:08.700 [info] > git rev-parse --show-toplevel [1ms]
2024-09-07 08:19:08.700 [info] fatal: not a git repository (or any parent up to mount point /)
Stopping at filesystem boundary (GIT_DISCOVERY_ACROSS_FILESYSTEM not set).
2024-09-07 08:19:16.605 [info] > git rev-parse --show-toplevel [1ms]
2024-09-07 08:19:16.605 [info] fatal: not a git repository (or any parent up to mount point /)
Stopping at filesystem boundary (GIT_DISCOVERY_ACROSS_FILESYSTEM not set).
2024-09-07 08:19:16.632 [info] > git rev-parse --show-toplevel [1ms]
2024-09-07 08:19:16.632 [info] fatal: not a git repository (or any parent up to mount point /)
Stopping at filesystem boundary (GIT_DISCOVERY_ACROSS_FILESYSTEM not set).
2024-09-07 08:19:16.976 [info] > git rev-parse --show-toplevel [3ms]
2024-09-07 08:19:16.976 [info] fatal: not a git repository (or any parent up to mount point /)
Stopping at filesystem boundary (GIT_DISCOVERY_ACROSS_FILESYSTEM not set).
