2024-09-06 22:22:26.628 [info] Configuration changed
2024-09-06 22:23:11.459 [info] Active editor: file:///home/offlinebot/.config/ags/config.js
2024-09-06 22:23:24.646 [info] /home/offlinebot/.config/ags/config.js closed
2024-09-06 22:23:24.657 [info] Active editor: file:///home/offlinebot/.config/ags/windows/menu/modules/pc_info.js
2024-09-06 22:23:24.725 [info] /home/offlinebot/.config/ags/config.js.git closed
2024-09-06 22:24:56.949 [info] Executing :w
2024-09-06 22:25:16.044 [info] Executing :w
2024-09-06 22:25:18.611 [info] Executing :w
2024-09-06 22:26:30.251 [info] Executing :w
2024-09-06 22:26:31.457 [info] Executing :w
2024-09-06 22:26:43.005 [info] Executing :w
2024-09-06 22:26:54.604 [info] Executing :w
2024-09-06 22:28:23.197 [info] Active editor: file:///home/offlinebot/.config/ags/scripts/ram.sh
2024-09-06 22:28:23.205 [info] /home/offlinebot/.config/ags/windows/menu/modules/pc_info.js.git closed
2024-09-06 22:30:09.954 [info] Executing :w
2024-09-06 22:30:11.115 [info] Executing :w
2024-09-06 22:30:11.710 [info] Executing :w
2024-09-06 22:30:30.630 [info] Active editor: file:///home/offlinebot/.config/ags/scripts/ram_perc.sh
2024-09-06 22:30:30.643 [info] /home/offlinebot/.config/ags/scripts/ram.sh.git closed
2024-09-06 22:30:35.252 [info] Executing :w
2024-09-06 22:49:00.806 [info] /home/offlinebot/.config/ags/scripts/ram.sh closed
2024-09-06 22:49:00.822 [info] Active editor: file:///home/offlinebot/.config/ags/windows/bar/media.js
2024-09-06 22:49:00.892 [info] /home/offlinebot/.config/ags/scripts/ram_perc.sh.git closed
2024-09-06 22:49:05.963 [info] Executing :w
2024-09-06 22:49:06.806 [info] Executing :w
2024-09-06 22:49:51.387 [info] Executing :w
2024-09-06 22:49:52.143 [info] Executing :w
2024-09-06 22:49:54.271 [info] Executing :w
2024-09-06 22:49:55.275 [info] Executing :wqa
2024-09-06 22:49:55.296 [info] /home/offlinebot/.config/ags/windows/menu/modules/pc_info.js closed
2024-09-06 22:49:55.296 [info] /home/offlinebot/.config/ags/scripts/ram_perc.sh closed
2024-09-06 22:49:55.296 [info] /home/offlinebot/.config/ags/windows/bar/media.js closed
2024-09-06 22:49:55.297 [info] /home/offlinebot/.config/ags/windows/bar/media.js.git closed
2024-09-06 22:49:55.297 [warning] getLineLength() called with out-of-bounds line 24
2024-09-06 22:49:55.297 [warning] getLineLength() called with out-of-bounds line 24
